2022-03-10 17:03:39 INFO  LoginDao:32 - in getAllEmployees Dao Layer
2022-03-10 17:03:39 INFO  LoginDao:32 - in getAllEmployees Dao Layer
2022-03-10 17:03:39 INFO  DBConnection:24 - Estabilishing DB connection
2022-03-10 17:03:39 INFO  LoginDao:70 - in getRoles Dao Layer
2022-03-10 17:03:39 INFO  LoginDao:70 - in getRoles Dao Layer
2022-03-10 17:12:36 INFO  LoginDao:32 - in getAllEmployees Dao Layer
2022-03-10 17:12:36 INFO  LoginDao:70 - in getRoles Dao Layer
2022-03-10 17:12:36 INFO  LoginDao:32 - in getAllEmployees Dao Layer
2022-03-10 17:12:36 INFO  LoginDao:70 - in getRoles Dao Layer
2022-03-10 17:12:43 INFO  FinanceManagerDao:97 - in getAllReinbursements Dao Layer
2022-03-10 17:12:45 INFO  FinanceManagerDao:165 - in getAllEmployees Dao Layer
2022-03-10 17:12:45 INFO  FinanceManagerDao:201 - in getRoles Dao Layer
2022-03-10 17:12:45 INFO  FinanceManagerDao:201 - in getRoles Dao Layer
2022-03-10 17:12:45 INFO  FinanceManagerDao:201 - in getRoles Dao Layer
2022-03-10 17:12:45 INFO  FinanceManagerDao:201 - in getRoles Dao Layer
2022-03-10 17:12:50 INFO  FinanceManagerDao:131 - in getEmployeeReimbersements Dao Layer
2022-03-10 17:12:52 INFO  FinanceManagerDao:165 - in getAllEmployees Dao Layer
2022-03-10 17:12:52 INFO  FinanceManagerDao:201 - in getRoles Dao Layer
2022-03-10 17:12:52 INFO  FinanceManagerDao:201 - in getRoles Dao Layer
2022-03-10 17:12:52 INFO  FinanceManagerDao:201 - in getRoles Dao Layer
2022-03-10 17:12:52 INFO  FinanceManagerDao:201 - in getRoles Dao Layer
2022-03-10 17:22:07 INFO  FinanceManagerDao:131 - in getEmployeeReimbersements Dao Layer
2022-03-10 17:22:22 INFO  FinanceManagerDao:165 - in getAllEmployees Dao Layer
2022-03-10 17:22:22 INFO  FinanceManagerDao:201 - in getRoles Dao Layer
2022-03-10 17:22:22 INFO  FinanceManagerDao:201 - in getRoles Dao Layer
2022-03-10 17:22:22 INFO  FinanceManagerDao:201 - in getRoles Dao Layer
2022-03-10 17:22:22 INFO  FinanceManagerDao:201 - in getRoles Dao Layer
2022-03-10 17:22:24 INFO  FinanceManagerDao:131 - in getEmployeeReimbersements Dao Layer
2022-03-10 17:22:33 INFO  FinanceManagerDao:165 - in getAllEmployees Dao Layer
2022-03-10 17:22:33 INFO  FinanceManagerDao:201 - in getRoles Dao Layer
2022-03-10 17:22:33 INFO  FinanceManagerDao:201 - in getRoles Dao Layer
2022-03-10 17:22:33 INFO  FinanceManagerDao:201 - in getRoles Dao Layer
2022-03-10 17:22:33 INFO  FinanceManagerDao:201 - in getRoles Dao Layer
2022-03-10 17:46:23 INFO  FinanceManagerDao:165 - in getAllEmployees Dao Layer
2022-03-10 17:46:23 INFO  FinanceManagerDao:201 - in getRoles Dao Layer
2022-03-10 17:46:23 INFO  FinanceManagerDao:201 - in getRoles Dao Layer
2022-03-10 17:46:23 INFO  FinanceManagerDao:201 - in getRoles Dao Layer
2022-03-10 17:46:23 INFO  FinanceManagerDao:201 - in getRoles Dao Layer
2022-03-10 17:48:08 INFO  EmployeeJdbcDao:23 - Entered fetchAllEmployees() in DAO
2022-03-10 17:48:08 INFO  EmployeeJdbcDao:55 - Exited fetchAllEmployees() in DAO
2022-03-10 19:18:49 INFO  EmployeeJdbcDao:23 - Entered fetchAllEmployees() in DAO
2022-03-10 19:18:49 INFO  DBConnection:24 - Estabilishing DB connection
2022-03-10 19:18:49 INFO  EmployeeJdbcDao:55 - Exited fetchAllEmployees() in DAO
2022-03-10 20:20:31 INFO  EmployeeJdbcDao:98 - Entered deleteEmployee() in DAO
2022-03-10 20:20:31 INFO  DBConnection:24 - Estabilishing DB connection
2022-03-10 20:20:31 INFO  EmployeeJdbcDao:115 - Entered fetchABook() in DAO
2022-03-10 20:20:31 INFO  EmployeeJdbcDao:135 - Exited fetchAEmployee() in DAO
2022-03-10 20:32:38 INFO  EmployeeJdbcDao:98 - Entered deleteEmployee() in DAO
2022-03-10 20:32:38 INFO  DBConnection:24 - Estabilishing DB connection
2022-03-10 20:32:39 INFO  EmployeeJdbcDao:115 - Entered fetchABook() in DAO
2022-03-10 20:32:39 INFO  EmployeeJdbcDao:135 - Exited fetchAEmployee() in DAO
2022-03-10 20:34:46 INFO  EmployeeJdbcDao:98 - Entered deleteEmployee() in DAO
2022-03-10 20:34:46 INFO  DBConnection:24 - Estabilishing DB connection
2022-03-10 20:34:46 INFO  EmployeeJdbcDao:115 - Entered fetchABook() in DAO
2022-03-10 20:34:46 INFO  EmployeeJdbcDao:135 - Exited fetchAEmployee() in DAO
2022-03-10 20:38:24 INFO  EmployeeJdbcDao:98 - Entered deleteEmployee() in DAO
2022-03-10 20:38:24 INFO  DBConnection:24 - Estabilishing DB connection
2022-03-10 20:38:24 INFO  EmployeeJdbcDao:115 - Entered fetchABook() in DAO
2022-03-10 20:38:24 INFO  EmployeeJdbcDao:135 - Exited fetchAEmployee() in DAO
2022-03-10 20:47:26 INFO  EmployeeJdbcDao:98 - Entered deleteEmployee() in DAO
2022-03-10 20:47:26 INFO  DBConnection:24 - Estabilishing DB connection
2022-03-10 20:47:26 INFO  EmployeeJdbcDao:115 - Entered fetchABook() in DAO
2022-03-10 20:47:26 INFO  EmployeeJdbcDao:135 - Exited fetchAEmployee() in DAO
2022-03-10 20:54:42 INFO  EmployeeJdbcDao:98 - Entered deleteEmployee() in DAO
2022-03-10 20:54:42 INFO  DBConnection:24 - Estabilishing DB connection
2022-03-10 20:54:42 INFO  EmployeeJdbcDao:115 - Entered fetchABook() in DAO
2022-03-10 20:54:42 INFO  EmployeeJdbcDao:135 - Exited fetchAEmployee() in DAO
2022-03-10 21:00:54 INFO  EmployeeJdbcDao:98 - Entered deleteEmployee() in DAO
2022-03-10 21:00:54 INFO  DBConnection:24 - Estabilishing DB connection
2022-03-10 21:00:54 INFO  EmployeeJdbcDao:115 - Entered fetchABook() in DAO
2022-03-10 21:00:54 INFO  EmployeeJdbcDao:135 - Exited fetchAEmployee() in DAO
2022-03-10 21:16:21 INFO  EmployeeJdbcDao:98 - Entered deleteEmployee() in DAO
2022-03-10 21:16:21 INFO  DBConnection:24 - Estabilishing DB connection
2022-03-10 21:16:22 INFO  EmployeeJdbcDao:115 - Entered fetchABook() in DAO
2022-03-10 21:16:22 INFO  EmployeeJdbcDao:135 - Exited fetchAEmployee() in DAO
2022-03-10 21:23:25 INFO  EmployeeJdbcDao:98 - Entered deleteEmployee() in DAO
2022-03-10 21:23:25 INFO  DBConnection:24 - Estabilishing DB connection
2022-03-10 21:23:25 INFO  EmployeeJdbcDao:115 - Entered fetchABook() in DAO
2022-03-10 21:23:25 INFO  EmployeeJdbcDao:135 - Exited fetchAEmployee() in DAO
2022-03-10 21:27:24 INFO  EmployeeJdbcDao:98 - Entered deleteEmployee() in DAO
2022-03-10 21:27:24 INFO  DBConnection:24 - Estabilishing DB connection
2022-03-10 21:27:24 INFO  EmployeeJdbcDao:115 - Entered fetchABook() in DAO
2022-03-10 21:27:24 INFO  EmployeeJdbcDao:135 - Exited fetchAEmployee() in DAO
2022-03-10 21:32:19 INFO  EmployeeJdbcDao:23 - Entered fetchAllEmployees() in DAO
2022-03-10 21:32:19 INFO  DBConnection:24 - Estabilishing DB connection
2022-03-10 21:32:19 INFO  EmployeeJdbcDao:55 - Exited fetchAllEmployees() in DAO
2022-03-10 21:33:11 INFO  EmployeeJdbcDao:98 - Entered deleteEmployee() in DAO
2022-03-10 21:33:11 INFO  EmployeeJdbcDao:115 - Entered fetchABook() in DAO
2022-03-10 21:33:11 INFO  EmployeeJdbcDao:135 - Exited fetchAEmployee() in DAO
2022-03-10 21:35:49 INFO  EmployeeJdbcDao:98 - Entered deleteEmployee() in DAO
2022-03-10 21:35:49 INFO  DBConnection:24 - Estabilishing DB connection
2022-03-10 21:35:49 INFO  EmployeeJdbcDao:115 - Entered fetchABook() in DAO
2022-03-10 21:35:49 INFO  EmployeeJdbcDao:135 - Exited fetchAEmployee() in DAO
2022-03-10 21:39:26 INFO  EmployeeJdbcDao:23 - Entered fetchAllEmployees() in DAO
2022-03-10 21:39:26 INFO  DBConnection:24 - Estabilishing DB connection
2022-03-10 21:39:26 INFO  EmployeeJdbcDao:55 - Exited fetchAllEmployees() in DAO
2022-03-10 21:40:32 INFO  EmployeeJdbcDao:62 - Entered addEmployee() in DAO
2022-03-10 21:42:41 INFO  EmployeeJdbcDao:62 - Entered addEmployee() in DAO
2022-03-10 21:42:41 INFO  DBConnection:24 - Estabilishing DB connection
2022-03-10 22:12:33 INFO  EmployeeJdbcDao:23 - Entered fetchAllEmployees() in DAO
2022-03-10 22:12:33 INFO  DBConnection:24 - Estabilishing DB connection
2022-03-10 22:12:33 INFO  EmployeeJdbcDao:55 - Exited fetchAllEmployees() in DAO
2022-03-10 22:34:20 INFO  EmployeeJdbcDao:23 - Entered fetchAllEmployees() in DAO
2022-03-10 22:34:20 INFO  DBConnection:24 - Estabilishing DB connection
2022-03-10 22:34:21 INFO  EmployeeJdbcDao:55 - Exited fetchAllEmployees() in DAO
2022-03-10 22:35:14 INFO  EmployeeJdbcDao:98 - Entered deleteEmployee() in DAO
2022-03-10 22:35:14 INFO  EmployeeJdbcDao:115 - Entered fetchABook() in DAO
2022-03-10 22:35:14 INFO  EmployeeJdbcDao:135 - Exited fetchAEmployee() in DAO
2022-03-10 22:59:38 INFO  EmployeeJdbcDao:98 - Entered deleteEmployee() in DAO
2022-03-10 22:59:38 INFO  DBConnection:24 - Estabilishing DB connection
2022-03-10 22:59:38 INFO  EmployeeJdbcDao:115 - Entered fetchABook() in DAO
2022-03-10 22:59:38 INFO  EmployeeJdbcDao:135 - Exited fetchAEmployee() in DAO
2022-03-10 23:35:34 INFO  LoginDao:32 - in getAllEmployees Dao Layer
2022-03-10 23:35:34 INFO  LoginDao:32 - in getAllEmployees Dao Layer
2022-03-10 23:35:34 INFO  DBConnection:24 - Estabilishing DB connection
2022-03-10 23:35:34 INFO  LoginDao:70 - in getRoles Dao Layer
2022-03-10 23:35:34 INFO  LoginDao:70 - in getRoles Dao Layer
2022-03-10 23:47:31 INFO  LoginDao:32 - in getAllEmployees Dao Layer
2022-03-10 23:47:31 INFO  LoginDao:70 - in getRoles Dao Layer
2022-03-10 23:47:31 INFO  LoginDao:32 - in getAllEmployees Dao Layer
2022-03-10 23:47:31 INFO  LoginDao:70 - in getRoles Dao Layer
2022-03-11 00:39:38 INFO  EmployeeJdbcDao:23 - Entered fetchAllEmployees() in DAO
2022-03-11 00:39:38 INFO  EmployeeJdbcDao:55 - Exited fetchAllEmployees() in DAO
2022-03-11 01:00:52 INFO  LoginDao:32 - in getAllEmployees Dao Layer
2022-03-11 01:00:52 INFO  LoginDao:70 - in getRoles Dao Layer
2022-03-11 01:00:52 INFO  LoginDao:32 - in getAllEmployees Dao Layer
2022-03-11 01:00:52 INFO  LoginDao:70 - in getRoles Dao Layer
2022-03-11 01:20:55 INFO  LoginDao:32 - in getAllEmployees Dao Layer
2022-03-11 01:20:55 INFO  LoginDao:70 - in getRoles Dao Layer
2022-03-11 01:20:55 INFO  LoginDao:32 - in getAllEmployees Dao Layer
2022-03-11 01:20:55 INFO  LoginDao:70 - in getRoles Dao Layer
2022-03-11 01:27:10 INFO  LoginDao:32 - in getAllEmployees Dao Layer
2022-03-11 01:27:10 INFO  LoginDao:32 - in getAllEmployees Dao Layer
2022-03-11 01:27:10 INFO  DBConnection:24 - Estabilishing DB connection
2022-03-11 01:27:11 INFO  LoginDao:70 - in getRoles Dao Layer
2022-03-11 01:27:11 INFO  LoginDao:70 - in getRoles Dao Layer
2022-03-11 01:28:48 INFO  LoginDao:32 - in getAllEmployees Dao Layer
2022-03-11 01:28:48 INFO  LoginDao:32 - in getAllEmployees Dao Layer
2022-03-11 01:28:48 INFO  DBConnection:24 - Estabilishing DB connection
2022-03-11 01:28:49 INFO  LoginDao:70 - in getRoles Dao Layer
2022-03-11 01:28:49 INFO  LoginDao:70 - in getRoles Dao Layer
2022-03-11 02:18:50 INFO  EmployeeJdbcDao:23 - Entered fetchAllEmployees() in DAO
2022-03-11 02:18:50 INFO  EmployeeJdbcDao:55 - Exited fetchAllEmployees() in DAO
2022-03-11 02:20:32 INFO  LoginDao:32 - in getAllEmployees Dao Layer
2022-03-11 02:20:32 INFO  LoginDao:70 - in getRoles Dao Layer
2022-03-11 02:20:32 INFO  LoginDao:32 - in getAllEmployees Dao Layer
2022-03-11 02:20:32 INFO  LoginDao:70 - in getRoles Dao Layer
2022-03-11 02:20:32 INFO  EmployeeJdbcDao:23 - Entered fetchAllEmployees() in DAO
2022-03-11 02:20:32 INFO  EmployeeJdbcDao:55 - Exited fetchAllEmployees() in DAO
2022-03-11 02:20:44 INFO  LoginDao:32 - in getAllEmployees Dao Layer
2022-03-11 02:20:44 INFO  LoginDao:70 - in getRoles Dao Layer
2022-03-11 02:20:44 INFO  LoginDao:32 - in getAllEmployees Dao Layer
2022-03-11 02:20:44 INFO  LoginDao:70 - in getRoles Dao Layer
2022-03-11 02:20:47 INFO  FinanceManagerDao:97 - in getAllReinbursements Dao Layer
2022-03-11 02:21:02 INFO  FinanceManagerDao:165 - in getAllEmployees Dao Layer
2022-03-11 02:21:02 INFO  FinanceManagerDao:201 - in getRoles Dao Layer
2022-03-11 02:21:02 INFO  FinanceManagerDao:201 - in getRoles Dao Layer
2022-03-11 02:21:02 INFO  FinanceManagerDao:201 - in getRoles Dao Layer
2022-03-11 02:21:02 INFO  FinanceManagerDao:201 - in getRoles Dao Layer
2022-03-11 02:21:45 INFO  LoginDao:32 - in getAllEmployees Dao Layer
2022-03-11 02:21:45 INFO  LoginDao:70 - in getRoles Dao Layer
2022-03-11 02:21:45 INFO  LoginDao:32 - in getAllEmployees Dao Layer
2022-03-11 02:21:45 INFO  LoginDao:70 - in getRoles Dao Layer
2022-03-11 02:21:45 INFO  EmployeeJdbcDao:23 - Entered fetchAllEmployees() in DAO
2022-03-11 02:21:45 INFO  EmployeeJdbcDao:55 - Exited fetchAllEmployees() in DAO
2022-03-11 02:24:12 INFO  EmployeeJdbcDao:23 - Entered fetchAllEmployees() in DAO
2022-03-11 02:24:12 INFO  EmployeeJdbcDao:55 - Exited fetchAllEmployees() in DAO
2022-03-11 02:29:16 INFO  EmployeeJdbcDao:23 - Entered fetchAllEmployees() in DAO
2022-03-11 02:29:16 INFO  EmployeeJdbcDao:55 - Exited fetchAllEmployees() in DAO
2022-03-11 02:31:00 INFO  LoginDao:32 - in getAllEmployees Dao Layer
2022-03-11 02:31:00 INFO  LoginDao:70 - in getRoles Dao Layer
2022-03-11 02:31:00 INFO  LoginDao:32 - in getAllEmployees Dao Layer
2022-03-11 02:31:00 INFO  LoginDao:70 - in getRoles Dao Layer
2022-03-11 02:31:00 INFO  EmployeeJdbcDao:23 - Entered fetchAllEmployees() in DAO
2022-03-11 02:31:00 INFO  EmployeeJdbcDao:55 - Exited fetchAllEmployees() in DAO
2022-03-11 02:32:41 INFO  EmployeeJdbcDao:23 - Entered fetchAllEmployees() in DAO
2022-03-11 02:32:41 INFO  EmployeeJdbcDao:55 - Exited fetchAllEmployees() in DAO
2022-03-11 02:37:36 INFO  EmployeeJdbcDao:23 - Entered fetchAllEmployees() in DAO
2022-03-11 02:37:36 INFO  EmployeeJdbcDao:55 - Exited fetchAllEmployees() in DAO
2022-03-11 02:40:48 INFO  EmployeeJdbcDao:23 - Entered fetchAllEmployees() in DAO
2022-03-11 02:40:48 INFO  EmployeeJdbcDao:55 - Exited fetchAllEmployees() in DAO
2022-03-11 02:50:43 INFO  EmployeeJdbcDao:23 - Entered fetchAllEmployees() in DAO
2022-03-11 02:50:43 INFO  EmployeeJdbcDao:55 - Exited fetchAllEmployees() in DAO
2022-03-11 02:51:42 INFO  EmployeeJdbcDao:23 - Entered fetchAllEmployees() in DAO
2022-03-11 02:51:42 INFO  EmployeeJdbcDao:55 - Exited fetchAllEmployees() in DAO
2022-03-11 03:00:35 INFO  EmployeeJdbcDao:23 - Entered fetchAllEmployees() in DAO
2022-03-11 03:00:35 INFO  EmployeeJdbcDao:55 - Exited fetchAllEmployees() in DAO
2022-03-11 03:03:09 INFO  EmployeeJdbcDao:23 - Entered fetchAllEmployees() in DAO
2022-03-11 03:03:09 INFO  EmployeeJdbcDao:55 - Exited fetchAllEmployees() in DAO
2022-03-11 03:03:14 INFO  EmployeeJdbcDao:23 - Entered fetchAllEmployees() in DAO
2022-03-11 03:03:14 INFO  EmployeeJdbcDao:55 - Exited fetchAllEmployees() in DAO
2022-03-11 03:14:56 INFO  EmployeeJdbcDao:23 - Entered fetchAllEmployees() in DAO
2022-03-11 03:14:56 INFO  EmployeeJdbcDao:55 - Exited fetchAllEmployees() in DAO
2022-03-11 03:16:38 INFO  EmployeeJdbcDao:23 - Entered fetchAllEmployees() in DAO
2022-03-11 03:16:38 INFO  EmployeeJdbcDao:55 - Exited fetchAllEmployees() in DAO
2022-03-11 03:21:28 INFO  LoginDao:32 - in getAllEmployees Dao Layer
2022-03-11 03:21:28 INFO  LoginDao:70 - in getRoles Dao Layer
2022-03-11 03:21:28 INFO  LoginDao:32 - in getAllEmployees Dao Layer
2022-03-11 03:21:28 INFO  LoginDao:70 - in getRoles Dao Layer
2022-03-11 03:21:28 INFO  EmployeeJdbcDao:23 - Entered fetchAllEmployees() in DAO
2022-03-11 03:21:28 INFO  EmployeeJdbcDao:55 - Exited fetchAllEmployees() in DAO
2022-03-11 03:30:22 INFO  EmployeeJdbcDao:23 - Entered fetchAllEmployees() in DAO
2022-03-11 03:30:22 INFO  EmployeeJdbcDao:55 - Exited fetchAllEmployees() in DAO
2022-03-11 03:36:48 INFO  EmployeeJdbcDao:23 - Entered fetchAllEmployees() in DAO
2022-03-11 03:36:48 INFO  EmployeeJdbcDao:55 - Exited fetchAllEmployees() in DAO
2022-03-11 03:42:35 INFO  EmployeeJdbcDao:23 - Entered fetchAllEmployees() in DAO
2022-03-11 03:42:35 INFO  EmployeeJdbcDao:55 - Exited fetchAllEmployees() in DAO
2022-03-11 03:45:38 INFO  EmployeeJdbcDao:23 - Entered fetchAllEmployees() in DAO
2022-03-11 03:45:38 INFO  EmployeeJdbcDao:55 - Exited fetchAllEmployees() in DAO
2022-03-11 03:45:51 INFO  LoginDao:32 - in getAllEmployees Dao Layer
2022-03-11 03:45:51 INFO  LoginDao:70 - in getRoles Dao Layer
2022-03-11 03:45:51 INFO  LoginDao:32 - in getAllEmployees Dao Layer
2022-03-11 03:45:51 INFO  LoginDao:70 - in getRoles Dao Layer
2022-03-11 03:45:51 INFO  EmployeeJdbcDao:23 - Entered fetchAllEmployees() in DAO
2022-03-11 03:45:51 INFO  EmployeeJdbcDao:55 - Exited fetchAllEmployees() in DAO
2022-03-11 03:46:39 INFO  EmployeeJdbcDao:23 - Entered fetchAllEmployees() in DAO
2022-03-11 03:46:39 INFO  EmployeeJdbcDao:55 - Exited fetchAllEmployees() in DAO
2022-03-11 03:47:49 INFO  EmployeeJdbcDao:23 - Entered fetchAllEmployees() in DAO
2022-03-11 03:47:49 INFO  DBConnection:24 - Estabilishing DB connection
2022-03-11 03:47:50 INFO  EmployeeJdbcDao:55 - Exited fetchAllEmployees() in DAO
2022-03-11 03:47:57 INFO  LoginDao:32 - in getAllEmployees Dao Layer
2022-03-11 03:47:57 INFO  LoginDao:32 - in getAllEmployees Dao Layer
2022-03-11 03:47:57 INFO  LoginDao:70 - in getRoles Dao Layer
2022-03-11 03:47:57 INFO  LoginDao:70 - in getRoles Dao Layer
2022-03-11 03:47:57 INFO  EmployeeJdbcDao:23 - Entered fetchAllEmployees() in DAO
2022-03-11 03:47:57 INFO  EmployeeJdbcDao:55 - Exited fetchAllEmployees() in DAO
2022-03-11 03:48:19 INFO  LoginDao:32 - in getAllEmployees Dao Layer
2022-03-11 03:48:19 INFO  LoginDao:70 - in getRoles Dao Layer
2022-03-11 03:48:19 INFO  LoginDao:32 - in getAllEmployees Dao Layer
2022-03-11 03:48:19 INFO  LoginDao:70 - in getRoles Dao Layer
2022-03-11 03:48:20 INFO  EmployeeJdbcDao:23 - Entered fetchAllEmployees() in DAO
2022-03-11 03:48:20 INFO  EmployeeJdbcDao:55 - Exited fetchAllEmployees() in DAO
2022-03-11 03:49:24 INFO  EmployeeJdbcDao:23 - Entered fetchAllEmployees() in DAO
2022-03-11 03:49:24 INFO  EmployeeJdbcDao:55 - Exited fetchAllEmployees() in DAO
2022-03-11 03:49:30 INFO  EmployeeJdbcDao:23 - Entered fetchAllEmployees() in DAO
2022-03-11 03:49:30 INFO  EmployeeJdbcDao:55 - Exited fetchAllEmployees() in DAO
2022-03-11 03:51:42 INFO  EmployeeJdbcDao:23 - Entered fetchAllEmployees() in DAO
2022-03-11 03:51:42 INFO  EmployeeJdbcDao:55 - Exited fetchAllEmployees() in DAO
2022-03-11 03:51:44 INFO  EmployeeJdbcDao:23 - Entered fetchAllEmployees() in DAO
2022-03-11 03:51:44 INFO  EmployeeJdbcDao:55 - Exited fetchAllEmployees() in DAO
2022-03-11 03:51:45 INFO  EmployeeJdbcDao:23 - Entered fetchAllEmployees() in DAO
2022-03-11 03:51:45 INFO  EmployeeJdbcDao:55 - Exited fetchAllEmployees() in DAO
2022-03-11 03:52:34 INFO  EmployeeJdbcDao:23 - Entered fetchAllEmployees() in DAO
2022-03-11 03:52:34 INFO  EmployeeJdbcDao:55 - Exited fetchAllEmployees() in DAO
2022-03-11 03:52:42 INFO  EmployeeJdbcDao:23 - Entered fetchAllEmployees() in DAO
2022-03-11 03:52:42 INFO  EmployeeJdbcDao:55 - Exited fetchAllEmployees() in DAO
2022-03-11 03:55:30 INFO  EmployeeJdbcDao:23 - Entered fetchAllEmployees() in DAO
2022-03-11 03:55:30 INFO  EmployeeJdbcDao:55 - Exited fetchAllEmployees() in DAO
2022-03-11 03:56:08 INFO  EmployeeJdbcDao:23 - Entered fetchAllEmployees() in DAO
2022-03-11 03:56:08 INFO  EmployeeJdbcDao:55 - Exited fetchAllEmployees() in DAO
2022-03-11 03:56:13 INFO  EmployeeJdbcDao:23 - Entered fetchAllEmployees() in DAO
2022-03-11 03:56:13 INFO  EmployeeJdbcDao:55 - Exited fetchAllEmployees() in DAO
2022-03-11 03:56:17 INFO  LoginDao:32 - in getAllEmployees Dao Layer
2022-03-11 03:56:17 INFO  LoginDao:70 - in getRoles Dao Layer
2022-03-11 03:56:17 INFO  LoginDao:32 - in getAllEmployees Dao Layer
2022-03-11 03:56:17 INFO  LoginDao:70 - in getRoles Dao Layer
2022-03-11 03:56:17 INFO  EmployeeJdbcDao:23 - Entered fetchAllEmployees() in DAO
2022-03-11 03:56:17 INFO  EmployeeJdbcDao:55 - Exited fetchAllEmployees() in DAO
2022-03-11 03:57:23 INFO  EmployeeJdbcDao:23 - Entered fetchAllEmployees() in DAO
2022-03-11 03:57:23 INFO  EmployeeJdbcDao:55 - Exited fetchAllEmployees() in DAO
2022-03-11 03:58:15 INFO  EmployeeJdbcDao:23 - Entered fetchAllEmployees() in DAO
2022-03-11 03:58:15 INFO  EmployeeJdbcDao:55 - Exited fetchAllEmployees() in DAO
2022-03-11 03:58:42 INFO  EmployeeJdbcDao:23 - Entered fetchAllEmployees() in DAO
2022-03-11 03:58:42 INFO  EmployeeJdbcDao:55 - Exited fetchAllEmployees() in DAO
2022-03-11 03:59:33 INFO  EmployeeJdbcDao:23 - Entered fetchAllEmployees() in DAO
2022-03-11 03:59:33 INFO  EmployeeJdbcDao:55 - Exited fetchAllEmployees() in DAO
2022-03-11 03:59:47 INFO  EmployeeJdbcDao:23 - Entered fetchAllEmployees() in DAO
2022-03-11 03:59:47 INFO  EmployeeJdbcDao:55 - Exited fetchAllEmployees() in DAO
2022-03-11 03:59:48 INFO  EmployeeJdbcDao:23 - Entered fetchAllEmployees() in DAO
2022-03-11 03:59:48 INFO  EmployeeJdbcDao:55 - Exited fetchAllEmployees() in DAO
2022-03-11 03:59:48 INFO  EmployeeJdbcDao:23 - Entered fetchAllEmployees() in DAO
2022-03-11 03:59:48 INFO  EmployeeJdbcDao:55 - Exited fetchAllEmployees() in DAO
2022-03-11 04:00:05 INFO  LoginDao:32 - in getAllEmployees Dao Layer
2022-03-11 04:00:05 INFO  LoginDao:70 - in getRoles Dao Layer
2022-03-11 04:00:05 INFO  LoginDao:32 - in getAllEmployees Dao Layer
2022-03-11 04:00:05 INFO  LoginDao:70 - in getRoles Dao Layer
2022-03-11 04:00:05 INFO  EmployeeJdbcDao:23 - Entered fetchAllEmployees() in DAO
2022-03-11 04:00:05 INFO  EmployeeJdbcDao:55 - Exited fetchAllEmployees() in DAO
2022-03-11 04:01:59 INFO  LoginDao:32 - in getAllEmployees Dao Layer
2022-03-11 04:01:59 INFO  LoginDao:70 - in getRoles Dao Layer
2022-03-11 04:01:59 INFO  LoginDao:32 - in getAllEmployees Dao Layer
2022-03-11 04:01:59 INFO  LoginDao:70 - in getRoles Dao Layer
2022-03-11 04:01:59 INFO  EmployeeJdbcDao:23 - Entered fetchAllEmployees() in DAO
2022-03-11 04:01:59 INFO  EmployeeJdbcDao:55 - Exited fetchAllEmployees() in DAO
2022-03-11 04:02:21 INFO  EmployeeJdbcDao:23 - Entered fetchAllEmployees() in DAO
2022-03-11 04:02:21 INFO  EmployeeJdbcDao:55 - Exited fetchAllEmployees() in DAO
2022-03-11 04:02:45 INFO  EmployeeJdbcDao:23 - Entered fetchAllEmployees() in DAO
2022-03-11 04:02:45 INFO  EmployeeJdbcDao:55 - Exited fetchAllEmployees() in DAO
2022-03-11 04:08:44 INFO  EmployeeJdbcDao:23 - Entered fetchAllEmployees() in DAO
2022-03-11 04:08:44 INFO  EmployeeJdbcDao:55 - Exited fetchAllEmployees() in DAO
2022-03-11 04:09:24 INFO  EmployeeJdbcDao:23 - Entered fetchAllEmployees() in DAO
2022-03-11 04:09:24 INFO  EmployeeJdbcDao:55 - Exited fetchAllEmployees() in DAO
2022-03-11 04:09:36 INFO  LoginDao:32 - in getAllEmployees Dao Layer
2022-03-11 04:09:36 WARN  LoginService:21 - attempted to get user that doesnt existERROR: procedure returned null record
2022-03-11 04:09:36 INFO  LoginDao:32 - in getAllEmployees Dao Layer
2022-03-11 04:09:36 WARN  LoginService:21 - attempted to get user that doesnt existERROR: procedure returned null record
2022-03-11 04:09:39 INFO  LoginDao:32 - in getAllEmployees Dao Layer
2022-03-11 04:09:39 INFO  LoginDao:70 - in getRoles Dao Layer
2022-03-11 04:09:39 INFO  LoginDao:32 - in getAllEmployees Dao Layer
2022-03-11 04:09:39 INFO  LoginDao:70 - in getRoles Dao Layer
2022-03-11 04:09:39 INFO  EmployeeJdbcDao:23 - Entered fetchAllEmployees() in DAO
2022-03-11 04:09:39 INFO  EmployeeJdbcDao:55 - Exited fetchAllEmployees() in DAO
2022-03-11 04:12:18 INFO  LoginDao:32 - in getAllEmployees Dao Layer
2022-03-11 04:12:18 INFO  LoginDao:70 - in getRoles Dao Layer
2022-03-11 04:12:18 INFO  LoginDao:32 - in getAllEmployees Dao Layer
2022-03-11 04:12:18 INFO  LoginDao:70 - in getRoles Dao Layer
2022-03-11 04:12:18 INFO  EmployeeJdbcDao:23 - Entered fetchAllEmployees() in DAO
2022-03-11 04:12:18 INFO  EmployeeJdbcDao:55 - Exited fetchAllEmployees() in DAO
2022-03-11 04:18:52 INFO  EmployeeJdbcDao:23 - Entered fetchAllEmployees() in DAO
2022-03-11 04:18:52 INFO  EmployeeJdbcDao:55 - Exited fetchAllEmployees() in DAO
2022-03-11 04:29:57 INFO  EmployeeJdbcDao:23 - Entered fetchAllEmployees() in DAO
2022-03-11 04:29:57 INFO  EmployeeJdbcDao:55 - Exited fetchAllEmployees() in DAO
2022-03-11 04:30:03 INFO  EmployeeJdbcDao:23 - Entered fetchAllEmployees() in DAO
2022-03-11 04:30:03 INFO  EmployeeJdbcDao:55 - Exited fetchAllEmployees() in DAO
2022-03-11 04:30:13 INFO  LoginDao:32 - in getAllEmployees Dao Layer
2022-03-11 04:30:13 INFO  LoginDao:70 - in getRoles Dao Layer
2022-03-11 04:30:13 INFO  LoginDao:32 - in getAllEmployees Dao Layer
2022-03-11 04:30:13 INFO  LoginDao:70 - in getRoles Dao Layer
2022-03-11 04:30:13 INFO  EmployeeJdbcDao:23 - Entered fetchAllEmployees() in DAO
2022-03-11 04:30:13 INFO  EmployeeJdbcDao:55 - Exited fetchAllEmployees() in DAO
2022-03-11 04:33:22 INFO  EmployeeJdbcDao:23 - Entered fetchAllEmployees() in DAO
2022-03-11 04:33:22 INFO  EmployeeJdbcDao:55 - Exited fetchAllEmployees() in DAO
2022-03-11 04:39:10 INFO  EmployeeJdbcDao:23 - Entered fetchAllEmployees() in DAO
2022-03-11 04:39:10 INFO  EmployeeJdbcDao:55 - Exited fetchAllEmployees() in DAO
2022-03-11 04:39:23 INFO  LoginDao:32 - in getAllEmployees Dao Layer
2022-03-11 04:39:23 INFO  LoginDao:70 - in getRoles Dao Layer
2022-03-11 04:39:23 INFO  LoginDao:32 - in getAllEmployees Dao Layer
2022-03-11 04:39:23 INFO  LoginDao:70 - in getRoles Dao Layer
2022-03-11 04:39:23 INFO  EmployeeJdbcDao:23 - Entered fetchAllEmployees() in DAO
2022-03-11 04:39:23 INFO  EmployeeJdbcDao:55 - Exited fetchAllEmployees() in DAO
2022-03-11 04:39:47 INFO  EmployeeJdbcDao:23 - Entered fetchAllEmployees() in DAO
2022-03-11 04:39:47 INFO  EmployeeJdbcDao:55 - Exited fetchAllEmployees() in DAO
2022-03-11 04:41:32 INFO  EmployeeJdbcDao:23 - Entered fetchAllEmployees() in DAO
2022-03-11 04:41:32 INFO  DBConnection:24 - Estabilishing DB connection
2022-03-11 04:41:32 INFO  EmployeeJdbcDao:55 - Exited fetchAllEmployees() in DAO
2022-03-11 04:50:16 INFO  EmployeeJdbcDao:23 - Entered fetchAllEmployees() in DAO
2022-03-11 04:50:16 INFO  EmployeeJdbcDao:55 - Exited fetchAllEmployees() in DAO
2022-03-11 04:53:28 INFO  EmployeeJdbcDao:23 - Entered fetchAllEmployees() in DAO
2022-03-11 04:53:28 INFO  EmployeeJdbcDao:55 - Exited fetchAllEmployees() in DAO
2022-03-11 04:54:04 INFO  EmployeeJdbcDao:23 - Entered fetchAllEmployees() in DAO
2022-03-11 04:54:04 INFO  EmployeeJdbcDao:55 - Exited fetchAllEmployees() in DAO
2022-03-11 04:54:10 INFO  EmployeeJdbcDao:23 - Entered fetchAllEmployees() in DAO
2022-03-11 04:54:10 INFO  EmployeeJdbcDao:55 - Exited fetchAllEmployees() in DAO
2022-03-11 05:01:35 INFO  EmployeeJdbcDao:23 - Entered fetchAllEmployees() in DAO
2022-03-11 05:01:35 INFO  EmployeeJdbcDao:55 - Exited fetchAllEmployees() in DAO
2022-03-11 05:03:02 INFO  EmployeeJdbcDao:23 - Entered fetchAllEmployees() in DAO
2022-03-11 05:03:02 INFO  EmployeeJdbcDao:55 - Exited fetchAllEmployees() in DAO
2022-03-11 05:03:14 INFO  LoginDao:32 - in getAllEmployees Dao Layer
2022-03-11 05:03:14 INFO  LoginDao:32 - in getAllEmployees Dao Layer
2022-03-11 05:03:14 INFO  LoginDao:70 - in getRoles Dao Layer
2022-03-11 05:03:14 INFO  LoginDao:70 - in getRoles Dao Layer
2022-03-11 05:03:14 INFO  EmployeeJdbcDao:23 - Entered fetchAllEmployees() in DAO
2022-03-11 05:03:14 INFO  EmployeeJdbcDao:55 - Exited fetchAllEmployees() in DAO
2022-03-11 05:11:59 INFO  EmployeeJdbcDao:23 - Entered fetchAllEmployees() in DAO
2022-03-11 05:11:59 INFO  EmployeeJdbcDao:55 - Exited fetchAllEmployees() in DAO
2022-03-11 05:12:06 INFO  LoginDao:32 - in getAllEmployees Dao Layer
2022-03-11 05:12:06 INFO  LoginDao:70 - in getRoles Dao Layer
2022-03-11 05:12:06 INFO  LoginDao:32 - in getAllEmployees Dao Layer
2022-03-11 05:12:06 INFO  LoginDao:70 - in getRoles Dao Layer
2022-03-11 05:12:06 INFO  EmployeeJdbcDao:23 - Entered fetchAllEmployees() in DAO
2022-03-11 05:12:06 INFO  EmployeeJdbcDao:55 - Exited fetchAllEmployees() in DAO
2022-03-11 05:12:42 INFO  LoginDao:32 - in getAllEmployees Dao Layer
2022-03-11 05:12:42 INFO  LoginDao:70 - in getRoles Dao Layer
2022-03-11 05:12:42 INFO  LoginDao:32 - in getAllEmployees Dao Layer
2022-03-11 05:12:42 INFO  LoginDao:70 - in getRoles Dao Layer
2022-03-11 05:12:42 INFO  EmployeeJdbcDao:23 - Entered fetchAllEmployees() in DAO
2022-03-11 05:12:42 INFO  EmployeeJdbcDao:55 - Exited fetchAllEmployees() in DAO
2022-03-11 05:13:05 INFO  EmployeeJdbcDao:62 - Entered addEmployee() in DAO
2022-03-11 05:16:23 INFO  EmployeeJdbcDao:23 - Entered fetchAllEmployees() in DAO
2022-03-11 05:16:23 INFO  EmployeeJdbcDao:55 - Exited fetchAllEmployees() in DAO
2022-03-11 05:30:50 INFO  EmployeeJdbcDao:23 - Entered fetchAllEmployees() in DAO
2022-03-11 05:30:50 INFO  EmployeeJdbcDao:55 - Exited fetchAllEmployees() in DAO
2022-03-11 05:31:13 INFO  EmployeeJdbcDao:23 - Entered fetchAllEmployees() in DAO
2022-03-11 05:31:13 INFO  EmployeeJdbcDao:55 - Exited fetchAllEmployees() in DAO
2022-03-11 05:31:28 INFO  LoginDao:32 - in getAllEmployees Dao Layer
2022-03-11 05:31:28 INFO  LoginDao:70 - in getRoles Dao Layer
2022-03-11 05:31:28 INFO  LoginDao:32 - in getAllEmployees Dao Layer
2022-03-11 05:31:28 INFO  LoginDao:70 - in getRoles Dao Layer
2022-03-11 05:31:28 INFO  EmployeeJdbcDao:23 - Entered fetchAllEmployees() in DAO
2022-03-11 05:31:28 INFO  EmployeeJdbcDao:55 - Exited fetchAllEmployees() in DAO
2022-03-11 05:31:33 INFO  EmployeeJdbcDao:23 - Entered fetchAllEmployees() in DAO
2022-03-11 05:31:33 INFO  EmployeeJdbcDao:55 - Exited fetchAllEmployees() in DAO
2022-03-11 05:43:19 INFO  LoginDao:32 - in getAllEmployees Dao Layer
2022-03-11 05:43:19 INFO  LoginDao:70 - in getRoles Dao Layer
2022-03-11 05:43:19 INFO  LoginDao:32 - in getAllEmployees Dao Layer
2022-03-11 05:43:19 INFO  LoginDao:70 - in getRoles Dao Layer
2022-03-11 05:43:19 INFO  EmployeeJdbcDao:23 - Entered fetchAllEmployees() in DAO
2022-03-11 05:43:19 INFO  EmployeeJdbcDao:55 - Exited fetchAllEmployees() in DAO
2022-03-11 05:43:33 INFO  EmployeeJdbcDao:23 - Entered fetchAllEmployees() in DAO
2022-03-11 05:43:33 INFO  EmployeeJdbcDao:55 - Exited fetchAllEmployees() in DAO
2022-03-11 05:50:22 INFO  LoginDao:32 - in getAllEmployees Dao Layer
2022-03-11 05:50:22 INFO  LoginDao:70 - in getRoles Dao Layer
2022-03-11 05:50:22 INFO  LoginDao:32 - in getAllEmployees Dao Layer
2022-03-11 05:50:22 INFO  LoginDao:70 - in getRoles Dao Layer
2022-03-11 05:50:22 INFO  EmployeeJdbcDao:23 - Entered fetchAllEmployees() in DAO
2022-03-11 05:50:22 INFO  EmployeeJdbcDao:55 - Exited fetchAllEmployees() in DAO
2022-03-11 05:50:53 INFO  EmployeeJdbcDao:23 - Entered fetchAllEmployees() in DAO
2022-03-11 05:50:53 INFO  EmployeeJdbcDao:55 - Exited fetchAllEmployees() in DAO
2022-03-11 05:52:29 INFO  LoginDao:32 - in getAllEmployees Dao Layer
2022-03-11 05:52:29 INFO  LoginDao:70 - in getRoles Dao Layer
2022-03-11 05:52:29 INFO  LoginDao:32 - in getAllEmployees Dao Layer
2022-03-11 05:52:29 INFO  LoginDao:70 - in getRoles Dao Layer
2022-03-11 05:52:29 INFO  EmployeeJdbcDao:23 - Entered fetchAllEmployees() in DAO
2022-03-11 05:52:29 INFO  EmployeeJdbcDao:55 - Exited fetchAllEmployees() in DAO
2022-03-11 05:53:00 INFO  EmployeeJdbcDao:23 - Entered fetchAllEmployees() in DAO
2022-03-11 05:53:00 INFO  EmployeeJdbcDao:55 - Exited fetchAllEmployees() in DAO
2022-03-11 05:53:09 INFO  EmployeeJdbcDao:62 - Entered addEmployee() in DAO
2022-03-11 05:56:33 INFO  EmployeeJdbcDao:23 - Entered fetchAllEmployees() in DAO
2022-03-11 05:56:33 INFO  EmployeeJdbcDao:55 - Exited fetchAllEmployees() in DAO
2022-03-11 05:56:48 INFO  LoginDao:32 - in getAllEmployees Dao Layer
2022-03-11 05:56:48 INFO  LoginDao:70 - in getRoles Dao Layer
2022-03-11 05:56:48 INFO  LoginDao:32 - in getAllEmployees Dao Layer
2022-03-11 05:56:48 INFO  LoginDao:70 - in getRoles Dao Layer
2022-03-11 05:56:48 INFO  EmployeeJdbcDao:23 - Entered fetchAllEmployees() in DAO
2022-03-11 05:56:48 INFO  EmployeeJdbcDao:55 - Exited fetchAllEmployees() in DAO
2022-03-11 06:02:15 INFO  LoginDao:32 - in getAllEmployees Dao Layer
2022-03-11 06:02:15 INFO  LoginDao:70 - in getRoles Dao Layer
2022-03-11 06:02:15 INFO  LoginDao:32 - in getAllEmployees Dao Layer
2022-03-11 06:02:15 INFO  LoginDao:70 - in getRoles Dao Layer
2022-03-11 06:02:15 INFO  EmployeeJdbcDao:23 - Entered fetchAllEmployees() in DAO
2022-03-11 06:02:15 INFO  EmployeeJdbcDao:55 - Exited fetchAllEmployees() in DAO
2022-03-11 06:02:52 INFO  LoginDao:32 - in getAllEmployees Dao Layer
2022-03-11 06:02:52 INFO  LoginDao:70 - in getRoles Dao Layer
2022-03-11 06:02:52 INFO  LoginDao:32 - in getAllEmployees Dao Layer
2022-03-11 06:02:52 INFO  LoginDao:70 - in getRoles Dao Layer
2022-03-11 06:02:52 INFO  EmployeeJdbcDao:23 - Entered fetchAllEmployees() in DAO
2022-03-11 06:02:52 INFO  EmployeeJdbcDao:55 - Exited fetchAllEmployees() in DAO
2022-03-11 06:05:27 INFO  EmployeeJdbcDao:23 - Entered fetchAllEmployees() in DAO
2022-03-11 06:05:27 INFO  EmployeeJdbcDao:55 - Exited fetchAllEmployees() in DAO
2022-03-11 06:05:34 INFO  EmployeeJdbcDao:62 - Entered addEmployee() in DAO
2022-03-11 06:07:03 INFO  LoginDao:32 - in getAllEmployees Dao Layer
2022-03-11 06:07:03 INFO  LoginDao:70 - in getRoles Dao Layer
2022-03-11 06:07:03 INFO  LoginDao:32 - in getAllEmployees Dao Layer
2022-03-11 06:07:03 INFO  LoginDao:70 - in getRoles Dao Layer
2022-03-11 06:07:03 INFO  EmployeeJdbcDao:23 - Entered fetchAllEmployees() in DAO
2022-03-11 06:07:03 INFO  EmployeeJdbcDao:55 - Exited fetchAllEmployees() in DAO
2022-03-11 06:07:13 INFO  EmployeeJdbcDao:23 - Entered fetchAllEmployees() in DAO
2022-03-11 06:07:13 INFO  EmployeeJdbcDao:55 - Exited fetchAllEmployees() in DAO
2022-03-11 10:03:37 INFO  EmployeeJdbcDao:23 - Entered fetchAllEmployees() in DAO
2022-03-11 10:03:37 INFO  DBConnection:24 - Estabilishing DB connection
2022-03-11 10:03:37 INFO  EmployeeJdbcDao:55 - Exited fetchAllEmployees() in DAO
2022-03-11 10:08:03 INFO  EmployeeJdbcDao:23 - Entered fetchAllEmployees() in DAO
2022-03-11 10:08:03 INFO  EmployeeJdbcDao:55 - Exited fetchAllEmployees() in DAO
2022-03-11 10:15:42 INFO  EmployeeJdbcDao:23 - Entered fetchAllEmployees() in DAO
2022-03-11 10:15:42 INFO  EmployeeJdbcDao:55 - Exited fetchAllEmployees() in DAO
2022-03-11 10:18:50 INFO  LoginDao:32 - in getAllEmployees Dao Layer
2022-03-11 10:18:50 INFO  LoginDao:32 - in getAllEmployees Dao Layer
2022-03-11 10:18:50 INFO  LoginDao:70 - in getRoles Dao Layer
2022-03-11 10:18:50 INFO  LoginDao:70 - in getRoles Dao Layer
2022-03-11 10:18:50 INFO  EmployeeJdbcDao:23 - Entered fetchAllEmployees() in DAO
2022-03-11 10:18:50 INFO  EmployeeJdbcDao:55 - Exited fetchAllEmployees() in DAO
2022-03-11 10:21:21 INFO  EmployeeJdbcDao:23 - Entered fetchAllEmployees() in DAO
2022-03-11 10:21:21 INFO  EmployeeJdbcDao:55 - Exited fetchAllEmployees() in DAO
2022-03-11 10:21:26 INFO  LoginDao:32 - in getAllEmployees Dao Layer
2022-03-11 10:21:26 INFO  LoginDao:70 - in getRoles Dao Layer
2022-03-11 10:21:26 INFO  LoginDao:32 - in getAllEmployees Dao Layer
2022-03-11 10:21:26 INFO  LoginDao:70 - in getRoles Dao Layer
2022-03-11 10:21:26 INFO  EmployeeJdbcDao:23 - Entered fetchAllEmployees() in DAO
2022-03-11 10:21:26 INFO  EmployeeJdbcDao:55 - Exited fetchAllEmployees() in DAO
2022-03-11 10:22:21 INFO  EmployeeJdbcDao:83 - Entered updateEmployee() in DAO
2022-03-11 10:22:21 INFO  EmployeeJdbcDao:92 - Exited updateBook() in DAO
2022-03-11 10:22:21 INFO  EmployeeJdbcDao:23 - Entered fetchAllEmployees() in DAO
2022-03-11 10:22:21 INFO  EmployeeJdbcDao:55 - Exited fetchAllEmployees() in DAO
2022-03-11 10:24:40 INFO  EmployeeJdbcDao:83 - Entered updateEmployee() in DAO
2022-03-11 10:24:40 INFO  EmployeeJdbcDao:92 - Exited updateBook() in DAO
2022-03-11 10:24:40 INFO  EmployeeJdbcDao:23 - Entered fetchAllEmployees() in DAO
2022-03-11 10:24:40 INFO  EmployeeJdbcDao:55 - Exited fetchAllEmployees() in DAO
2022-03-11 10:24:51 INFO  EmployeeJdbcDao:62 - Entered addEmployee() in DAO
2022-03-11 10:44:18 INFO  EmployeeJdbcDao:23 - Entered fetchAllEmployees() in DAO
2022-03-11 10:44:18 INFO  EmployeeJdbcDao:55 - Exited fetchAllEmployees() in DAO
2022-03-11 10:50:02 INFO  LoginDao:32 - in getAllEmployees Dao Layer
2022-03-11 10:50:02 INFO  LoginDao:70 - in getRoles Dao Layer
2022-03-11 10:50:02 INFO  LoginDao:32 - in getAllEmployees Dao Layer
2022-03-11 10:50:02 INFO  LoginDao:70 - in getRoles Dao Layer
2022-03-11 10:50:02 INFO  EmployeeJdbcDao:23 - Entered fetchAllEmployees() in DAO
2022-03-11 10:50:02 INFO  EmployeeJdbcDao:55 - Exited fetchAllEmployees() in DAO
2022-03-11 10:50:13 INFO  EmployeeJdbcDao:83 - Entered updateEmployee() in DAO
2022-03-11 10:50:13 INFO  EmployeeJdbcDao:92 - Exited updateBook() in DAO
2022-03-11 10:50:13 INFO  EmployeeJdbcDao:23 - Entered fetchAllEmployees() in DAO
2022-03-11 10:50:13 INFO  EmployeeJdbcDao:55 - Exited fetchAllEmployees() in DAO
2022-03-11 10:51:05 INFO  EmployeeJdbcDao:62 - Entered addEmployee() in DAO
2022-03-11 11:18:27 INFO  LoginDao:32 - in getAllEmployees Dao Layer
2022-03-11 11:18:27 INFO  LoginDao:32 - in getAllEmployees Dao Layer
2022-03-11 11:18:27 INFO  DBConnection:24 - Estabilishing DB connection
2022-03-11 11:18:27 INFO  LoginDao:70 - in getRoles Dao Layer
2022-03-11 11:18:27 INFO  LoginDao:70 - in getRoles Dao Layer
2022-03-11 11:18:27 INFO  EmployeeJdbcDao:23 - Entered fetchAllEmployees() in DAO
2022-03-11 11:18:27 INFO  EmployeeJdbcDao:55 - Exited fetchAllEmployees() in DAO
2022-03-11 11:18:35 INFO  EmployeeJdbcDao:83 - Entered updateEmployee() in DAO
2022-03-11 11:18:35 INFO  EmployeeJdbcDao:92 - Exited updateBook() in DAO
2022-03-11 11:18:35 INFO  EmployeeJdbcDao:23 - Entered fetchAllEmployees() in DAO
2022-03-11 11:18:35 INFO  EmployeeJdbcDao:55 - Exited fetchAllEmployees() in DAO
2022-03-11 11:19:09 INFO  EmployeeJdbcDao:83 - Entered updateEmployee() in DAO
2022-03-11 11:19:09 INFO  EmployeeJdbcDao:92 - Exited updateBook() in DAO
2022-03-11 11:19:09 INFO  EmployeeJdbcDao:23 - Entered fetchAllEmployees() in DAO
2022-03-11 11:19:09 INFO  EmployeeJdbcDao:55 - Exited fetchAllEmployees() in DAO
2022-03-11 11:19:24 INFO  EmployeeJdbcDao:62 - Entered addEmployee() in DAO
2022-03-11 11:22:29 INFO  EmployeeJdbcDao:23 - Entered fetchAllEmployees() in DAO
2022-03-11 11:22:29 INFO  EmployeeJdbcDao:55 - Exited fetchAllEmployees() in DAO
2022-03-11 12:07:06 INFO  LoginDao:32 - in getAllEmployees Dao Layer
2022-03-11 12:07:06 INFO  LoginDao:32 - in getAllEmployees Dao Layer
2022-03-11 12:07:06 INFO  DBConnection:24 - Estabilishing DB connection
2022-03-11 12:07:06 INFO  LoginDao:70 - in getRoles Dao Layer
2022-03-11 12:07:06 INFO  LoginDao:70 - in getRoles Dao Layer
2022-03-11 12:07:06 INFO  EmployeeJdbcDao:23 - Entered fetchAllEmployees() in DAO
2022-03-11 12:07:06 INFO  EmployeeJdbcDao:55 - Exited fetchAllEmployees() in DAO
2022-03-11 12:07:09 INFO  EmployeeJdbcDao:23 - Entered fetchAllEmployees() in DAO
2022-03-11 12:07:09 INFO  EmployeeJdbcDao:55 - Exited fetchAllEmployees() in DAO
2022-03-11 12:07:12 INFO  EmployeeJdbcDao:83 - Entered updateEmployee() in DAO
2022-03-11 12:07:12 INFO  EmployeeJdbcDao:92 - Exited updateBook() in DAO
2022-03-11 12:07:12 INFO  EmployeeJdbcDao:23 - Entered fetchAllEmployees() in DAO
2022-03-11 12:07:12 INFO  EmployeeJdbcDao:55 - Exited fetchAllEmployees() in DAO
2022-03-11 12:11:14 INFO  EmployeeJdbcDao:23 - Entered fetchAllEmployees() in DAO
2022-03-11 12:11:14 INFO  EmployeeJdbcDao:55 - Exited fetchAllEmployees() in DAO
2022-03-11 12:11:17 INFO  EmployeeJdbcDao:23 - Entered fetchAllEmployees() in DAO
2022-03-11 12:11:17 INFO  EmployeeJdbcDao:55 - Exited fetchAllEmployees() in DAO
2022-03-11 12:11:21 INFO  LoginDao:32 - in getAllEmployees Dao Layer
2022-03-11 12:11:21 INFO  LoginDao:70 - in getRoles Dao Layer
2022-03-11 12:11:21 INFO  LoginDao:32 - in getAllEmployees Dao Layer
2022-03-11 12:11:21 INFO  LoginDao:70 - in getRoles Dao Layer
2022-03-11 12:11:21 INFO  EmployeeJdbcDao:23 - Entered fetchAllEmployees() in DAO
2022-03-11 12:11:21 INFO  EmployeeJdbcDao:55 - Exited fetchAllEmployees() in DAO
2022-03-11 12:11:22 INFO  EmployeeJdbcDao:23 - Entered fetchAllEmployees() in DAO
2022-03-11 12:11:22 INFO  EmployeeJdbcDao:55 - Exited fetchAllEmployees() in DAO
2022-03-11 12:11:25 INFO  EmployeeJdbcDao:83 - Entered updateEmployee() in DAO
2022-03-11 12:11:25 INFO  EmployeeJdbcDao:92 - Exited updateBook() in DAO
2022-03-11 12:11:25 INFO  EmployeeJdbcDao:23 - Entered fetchAllEmployees() in DAO
2022-03-11 12:11:25 INFO  EmployeeJdbcDao:55 - Exited fetchAllEmployees() in DAO
2022-03-11 12:11:37 INFO  EmployeeJdbcDao:23 - Entered fetchAllEmployees() in DAO
2022-03-11 12:11:37 INFO  EmployeeJdbcDao:55 - Exited fetchAllEmployees() in DAO
2022-03-11 12:11:45 INFO  EmployeeJdbcDao:62 - Entered addEmployee() in DAO
2022-03-11 12:33:08 INFO  LoginDao:32 - in getAllEmployees Dao Layer
2022-03-11 12:33:08 INFO  LoginDao:70 - in getRoles Dao Layer
2022-03-11 12:33:08 INFO  LoginDao:32 - in getAllEmployees Dao Layer
2022-03-11 12:33:08 INFO  LoginDao:70 - in getRoles Dao Layer
2022-03-11 12:33:08 INFO  EmployeeJdbcDao:23 - Entered fetchAllEmployees() in DAO
2022-03-11 12:33:08 INFO  EmployeeJdbcDao:55 - Exited fetchAllEmployees() in DAO
2022-03-11 12:33:09 INFO  EmployeeJdbcDao:23 - Entered fetchAllEmployees() in DAO
2022-03-11 12:33:09 INFO  EmployeeJdbcDao:55 - Exited fetchAllEmployees() in DAO
2022-03-11 12:47:08 INFO  LoginDao:32 - in getAllEmployees Dao Layer
2022-03-11 12:47:08 INFO  LoginDao:70 - in getRoles Dao Layer
2022-03-11 12:47:08 INFO  LoginDao:32 - in getAllEmployees Dao Layer
2022-03-11 12:47:08 INFO  LoginDao:70 - in getRoles Dao Layer
2022-03-11 12:47:08 INFO  EmployeeJdbcDao:23 - Entered fetchAllEmployees() in DAO
2022-03-11 12:47:08 INFO  EmployeeJdbcDao:55 - Exited fetchAllEmployees() in DAO
2022-03-11 12:47:14 INFO  EmployeeJdbcDao:23 - Entered fetchAllEmployees() in DAO
2022-03-11 12:47:14 INFO  EmployeeJdbcDao:55 - Exited fetchAllEmployees() in DAO
2022-03-11 12:47:22 INFO  EmployeeJdbcDao:83 - Entered updateEmployee() in DAO
2022-03-11 12:47:22 INFO  EmployeeJdbcDao:92 - Exited updateBook() in DAO
2022-03-11 12:47:22 INFO  EmployeeJdbcDao:23 - Entered fetchAllEmployees() in DAO
2022-03-11 12:47:22 INFO  EmployeeJdbcDao:55 - Exited fetchAllEmployees() in DAO
2022-03-11 12:47:34 INFO  EmployeeJdbcDao:62 - Entered addEmployee() in DAO
2022-03-11 21:27:15 INFO  EmployeeJdbcDao:23 - Entered fetchAllEmployees() in DAO
2022-03-11 21:27:15 INFO  DBConnection:24 - Estabilishing DB connection
2022-03-11 21:27:16 INFO  EmployeeJdbcDao:55 - Exited fetchAllEmployees() in DAO
2022-03-11 21:27:22 INFO  LoginDao:32 - in getAllEmployees Dao Layer
2022-03-11 21:27:22 INFO  LoginDao:32 - in getAllEmployees Dao Layer
2022-03-11 21:27:22 INFO  LoginDao:70 - in getRoles Dao Layer
2022-03-11 21:27:22 INFO  LoginDao:70 - in getRoles Dao Layer
2022-03-11 21:27:22 INFO  EmployeeJdbcDao:23 - Entered fetchAllEmployees() in DAO
2022-03-11 21:27:22 INFO  EmployeeJdbcDao:55 - Exited fetchAllEmployees() in DAO
2022-03-11 21:27:25 INFO  EmployeeJdbcDao:23 - Entered fetchAllEmployees() in DAO
2022-03-11 21:27:25 INFO  EmployeeJdbcDao:55 - Exited fetchAllEmployees() in DAO
2022-03-11 21:27:28 INFO  EmployeeJdbcDao:83 - Entered updateEmployee() in DAO
2022-03-11 21:27:28 INFO  EmployeeJdbcDao:92 - Exited updateBook() in DAO
2022-03-11 21:27:28 INFO  EmployeeJdbcDao:23 - Entered fetchAllEmployees() in DAO
2022-03-11 21:27:28 INFO  EmployeeJdbcDao:55 - Exited fetchAllEmployees() in DAO
2022-03-11 21:27:34 INFO  EmployeeJdbcDao:23 - Entered fetchAllEmployees() in DAO
2022-03-11 21:27:34 INFO  EmployeeJdbcDao:55 - Exited fetchAllEmployees() in DAO
2022-03-11 21:27:37 INFO  EmployeeJdbcDao:23 - Entered fetchAllEmployees() in DAO
2022-03-11 21:27:37 INFO  EmployeeJdbcDao:55 - Exited fetchAllEmployees() in DAO
2022-03-11 21:28:50 INFO  EmployeeJdbcDao:23 - Entered fetchAllEmployees() in DAO
2022-03-11 21:28:50 INFO  DBConnection:24 - Estabilishing DB connection
2022-03-11 21:28:51 INFO  EmployeeJdbcDao:55 - Exited fetchAllEmployees() in DAO
2022-03-11 21:28:53 INFO  EmployeeJdbcDao:23 - Entered fetchAllEmployees() in DAO
2022-03-11 21:28:53 INFO  EmployeeJdbcDao:55 - Exited fetchAllEmployees() in DAO
2022-03-11 21:29:01 INFO  LoginDao:32 - in getAllEmployees Dao Layer
2022-03-11 21:29:01 INFO  LoginDao:32 - in getAllEmployees Dao Layer
2022-03-11 21:29:01 INFO  LoginDao:70 - in getRoles Dao Layer
2022-03-11 21:29:01 INFO  LoginDao:70 - in getRoles Dao Layer
2022-03-11 21:29:01 INFO  EmployeeJdbcDao:23 - Entered fetchAllEmployees() in DAO
2022-03-11 21:29:01 INFO  EmployeeJdbcDao:55 - Exited fetchAllEmployees() in DAO
2022-03-11 21:29:33 INFO  EmployeeJdbcDao:62 - Entered addEmployee() in DAO
2022-03-11 22:44:33 INFO  LoginDao:32 - in getAllEmployees Dao Layer
2022-03-11 22:44:33 INFO  LoginDao:32 - in getAllEmployees Dao Layer
2022-03-11 22:44:33 INFO  DBConnection:24 - Estabilishing DB connection
2022-03-11 22:44:33 INFO  LoginDao:70 - in getRoles Dao Layer
2022-03-11 22:44:33 INFO  LoginDao:70 - in getRoles Dao Layer
2022-03-11 22:44:33 INFO  EmployeeJdbcDao:23 - Entered fetchAllEmployees() in DAO
2022-03-11 22:44:33 INFO  EmployeeJdbcDao:55 - Exited fetchAllEmployees() in DAO
2022-03-11 22:44:40 INFO  EmployeeJdbcDao:23 - Entered fetchAllEmployees() in DAO
2022-03-11 22:44:40 INFO  EmployeeJdbcDao:55 - Exited fetchAllEmployees() in DAO
2022-03-11 22:58:25 INFO  EmployeeJdbcDao:23 - Entered fetchAllEmployees() in DAO
2022-03-11 22:58:25 INFO  EmployeeJdbcDao:55 - Exited fetchAllEmployees() in DAO
2022-03-11 22:58:30 INFO  LoginDao:32 - in getAllEmployees Dao Layer
2022-03-11 22:58:30 INFO  LoginDao:70 - in getRoles Dao Layer
2022-03-11 22:58:31 INFO  LoginDao:32 - in getAllEmployees Dao Layer
2022-03-11 22:58:31 INFO  LoginDao:70 - in getRoles Dao Layer
2022-03-11 22:58:31 INFO  EmployeeJdbcDao:23 - Entered fetchAllEmployees() in DAO
2022-03-11 22:58:31 INFO  EmployeeJdbcDao:55 - Exited fetchAllEmployees() in DAO
2022-03-11 23:12:32 INFO  LoginDao:32 - in getAllEmployees Dao Layer
2022-03-11 23:12:32 INFO  LoginDao:70 - in getRoles Dao Layer
2022-03-11 23:12:32 INFO  LoginDao:32 - in getAllEmployees Dao Layer
2022-03-11 23:12:32 INFO  LoginDao:70 - in getRoles Dao Layer
2022-03-11 23:12:32 INFO  EmployeeJdbcDao:23 - Entered fetchAllEmployees() in DAO
2022-03-11 23:12:32 INFO  EmployeeJdbcDao:55 - Exited fetchAllEmployees() in DAO
2022-03-11 23:14:37 INFO  LoginDao:32 - in getAllEmployees Dao Layer
2022-03-11 23:14:37 INFO  LoginDao:70 - in getRoles Dao Layer
2022-03-11 23:14:37 INFO  LoginDao:32 - in getAllEmployees Dao Layer
2022-03-11 23:14:37 INFO  LoginDao:70 - in getRoles Dao Layer
2022-03-11 23:14:37 INFO  EmployeeJdbcDao:23 - Entered fetchAllEmployees() in DAO
2022-03-11 23:14:37 INFO  EmployeeJdbcDao:55 - Exited fetchAllEmployees() in DAO
2022-03-11 23:49:24 INFO  LoginDao:32 - in getAllEmployees Dao Layer
2022-03-11 23:49:24 INFO  LoginDao:70 - in getRoles Dao Layer
2022-03-11 23:49:24 INFO  LoginDao:32 - in getAllEmployees Dao Layer
2022-03-11 23:49:24 INFO  LoginDao:70 - in getRoles Dao Layer
2022-03-11 23:49:24 INFO  EmployeeJdbcDao:23 - Entered fetchAllEmployees() in DAO
2022-03-11 23:49:24 INFO  EmployeeJdbcDao:55 - Exited fetchAllEmployees() in DAO
2022-03-11 23:55:50 INFO  LoginDao:32 - in getAllEmployees Dao Layer
2022-03-11 23:55:50 INFO  LoginDao:70 - in getRoles Dao Layer
2022-03-11 23:55:50 INFO  LoginDao:32 - in getAllEmployees Dao Layer
2022-03-11 23:55:50 INFO  LoginDao:70 - in getRoles Dao Layer
2022-03-11 23:55:50 INFO  EmployeeJdbcDao:23 - Entered fetchAllEmployees() in DAO
2022-03-11 23:55:50 INFO  EmployeeJdbcDao:55 - Exited fetchAllEmployees() in DAO
2022-03-11 23:58:03 INFO  LoginDao:32 - in getAllEmployees Dao Layer
2022-03-11 23:58:03 INFO  LoginDao:70 - in getRoles Dao Layer
2022-03-11 23:58:03 INFO  LoginDao:32 - in getAllEmployees Dao Layer
2022-03-11 23:58:03 INFO  LoginDao:70 - in getRoles Dao Layer
2022-03-11 23:58:03 INFO  EmployeeJdbcDao:23 - Entered fetchAllEmployees() in DAO
2022-03-11 23:58:03 INFO  EmployeeJdbcDao:55 - Exited fetchAllEmployees() in DAO
2022-03-12 00:02:25 INFO  LoginDao:32 - in getAllEmployees Dao Layer
2022-03-12 00:02:25 INFO  LoginDao:70 - in getRoles Dao Layer
2022-03-12 00:02:25 INFO  LoginDao:32 - in getAllEmployees Dao Layer
2022-03-12 00:02:25 INFO  LoginDao:70 - in getRoles Dao Layer
2022-03-12 00:02:25 INFO  EmployeeJdbcDao:23 - Entered fetchAllEmployees() in DAO
2022-03-12 00:02:25 INFO  EmployeeJdbcDao:55 - Exited fetchAllEmployees() in DAO
2022-03-14 15:46:42 INFO  LoginDao:32 - in getAllEmployees Dao Layer
2022-03-14 15:46:42 INFO  LoginDao:32 - in getAllEmployees Dao Layer
2022-03-14 15:46:42 INFO  DBConnection:24 - Estabilishing DB connection
2022-03-14 15:46:43 INFO  LoginDao:70 - in getRoles Dao Layer
2022-03-14 15:46:43 INFO  LoginDao:70 - in getRoles Dao Layer
2022-03-14 15:46:43 INFO  EmployeeJdbcDao:23 - Entered fetchAllEmployees() in DAO
2022-03-14 15:46:43 INFO  EmployeeJdbcDao:55 - Exited fetchAllEmployees() in DAO
2022-03-14 15:46:50 INFO  EmployeeJdbcDao:23 - Entered fetchAllEmployees() in DAO
2022-03-14 15:46:50 INFO  EmployeeJdbcDao:55 - Exited fetchAllEmployees() in DAO
2022-03-14 15:46:54 INFO  EmployeeJdbcDao:83 - Entered updateEmployee() in DAO
2022-03-14 15:46:54 INFO  EmployeeJdbcDao:92 - Exited updateBook() in DAO
2022-03-14 15:46:54 INFO  EmployeeJdbcDao:23 - Entered fetchAllEmployees() in DAO
2022-03-14 15:46:54 INFO  EmployeeJdbcDao:55 - Exited fetchAllEmployees() in DAO
2022-03-14 15:47:09 INFO  EmployeeJdbcDao:23 - Entered fetchAllEmployees() in DAO
2022-03-14 15:47:09 INFO  EmployeeJdbcDao:55 - Exited fetchAllEmployees() in DAO
2022-03-14 15:47:13 INFO  EmployeeJdbcDao:83 - Entered updateEmployee() in DAO
2022-03-14 15:47:13 INFO  EmployeeJdbcDao:92 - Exited updateBook() in DAO
2022-03-14 15:47:13 INFO  EmployeeJdbcDao:23 - Entered fetchAllEmployees() in DAO
2022-03-14 15:47:13 INFO  EmployeeJdbcDao:55 - Exited fetchAllEmployees() in DAO
2022-03-14 15:47:43 INFO  EmployeeJdbcDao:23 - Entered fetchAllEmployees() in DAO
2022-03-14 15:47:43 INFO  EmployeeJdbcDao:55 - Exited fetchAllEmployees() in DAO
2022-03-14 15:47:46 INFO  EmployeeJdbcDao:83 - Entered updateEmployee() in DAO
2022-03-14 15:47:46 INFO  EmployeeJdbcDao:92 - Exited updateBook() in DAO
2022-03-14 15:47:46 INFO  EmployeeJdbcDao:23 - Entered fetchAllEmployees() in DAO
2022-03-14 15:47:46 INFO  EmployeeJdbcDao:55 - Exited fetchAllEmployees() in DAO
2022-03-14 15:47:58 INFO  EmployeeJdbcDao:23 - Entered fetchAllEmployees() in DAO
2022-03-14 15:47:58 INFO  EmployeeJdbcDao:55 - Exited fetchAllEmployees() in DAO
2022-03-14 15:52:49 INFO  EmployeeJdbcDao:62 - Entered addEmployee() in DAO
2022-03-14 16:21:57 INFO  LoginDao:32 - in getAllEmployees Dao Layer
2022-03-14 16:21:57 INFO  LoginDao:32 - in getAllEmployees Dao Layer
2022-03-14 16:21:57 INFO  DBConnection:24 - Estabilishing DB connection
2022-03-14 16:21:57 INFO  LoginDao:70 - in getRoles Dao Layer
2022-03-14 16:21:57 INFO  LoginDao:70 - in getRoles Dao Layer
2022-03-14 16:21:57 INFO  EmployeeJdbcDao:23 - Entered fetchAllEmployees() in DAO
2022-03-14 16:21:57 INFO  EmployeeJdbcDao:55 - Exited fetchAllEmployees() in DAO
2022-03-14 16:22:02 INFO  EmployeeJdbcDao:23 - Entered fetchAllEmployees() in DAO
2022-03-14 16:22:02 INFO  EmployeeJdbcDao:55 - Exited fetchAllEmployees() in DAO
2022-03-14 16:22:12 INFO  EmployeeJdbcDao:83 - Entered updateEmployee() in DAO
2022-03-14 16:22:12 INFO  EmployeeJdbcDao:92 - Exited updateBook() in DAO
2022-03-14 16:22:12 INFO  EmployeeJdbcDao:23 - Entered fetchAllEmployees() in DAO
2022-03-14 16:22:12 INFO  EmployeeJdbcDao:55 - Exited fetchAllEmployees() in DAO
2022-03-14 16:22:58 INFO  EmployeeJdbcDao:23 - Entered fetchAllEmployees() in DAO
2022-03-14 16:22:58 INFO  EmployeeJdbcDao:55 - Exited fetchAllEmployees() in DAO
2022-03-14 16:23:02 INFO  EmployeeJdbcDao:23 - Entered fetchAllEmployees() in DAO
2022-03-14 16:23:02 INFO  EmployeeJdbcDao:55 - Exited fetchAllEmployees() in DAO
2022-03-14 16:25:05 INFO  EmployeeJdbcDao:23 - Entered fetchAllEmployees() in DAO
2022-03-14 16:25:05 INFO  EmployeeJdbcDao:55 - Exited fetchAllEmployees() in DAO
2022-03-14 16:25:46 INFO  LoginDao:32 - in getAllEmployees Dao Layer
2022-03-14 16:25:46 INFO  LoginDao:70 - in getRoles Dao Layer
2022-03-14 16:25:46 INFO  LoginDao:32 - in getAllEmployees Dao Layer
2022-03-14 16:25:46 INFO  LoginDao:70 - in getRoles Dao Layer
2022-03-14 16:25:46 INFO  EmployeeJdbcDao:23 - Entered fetchAllEmployees() in DAO
2022-03-14 16:25:46 INFO  EmployeeJdbcDao:55 - Exited fetchAllEmployees() in DAO
2022-03-14 16:25:47 INFO  EmployeeJdbcDao:23 - Entered fetchAllEmployees() in DAO
2022-03-14 16:25:47 INFO  EmployeeJdbcDao:55 - Exited fetchAllEmployees() in DAO
2022-03-14 16:25:50 INFO  EmployeeJdbcDao:83 - Entered updateEmployee() in DAO
2022-03-14 16:25:50 INFO  EmployeeJdbcDao:92 - Exited updateBook() in DAO
2022-03-14 16:25:50 INFO  EmployeeJdbcDao:23 - Entered fetchAllEmployees() in DAO
2022-03-14 16:25:50 INFO  EmployeeJdbcDao:55 - Exited fetchAllEmployees() in DAO
2022-03-14 16:25:56 INFO  EmployeeJdbcDao:23 - Entered fetchAllEmployees() in DAO
2022-03-14 16:25:56 INFO  EmployeeJdbcDao:55 - Exited fetchAllEmployees() in DAO
2022-03-14 16:30:43 INFO  LoginDao:32 - in getAllEmployees Dao Layer
2022-03-14 16:30:43 INFO  LoginDao:70 - in getRoles Dao Layer
2022-03-14 16:30:43 INFO  LoginDao:32 - in getAllEmployees Dao Layer
2022-03-14 16:30:43 INFO  LoginDao:70 - in getRoles Dao Layer
2022-03-14 16:30:43 INFO  EmployeeJdbcDao:23 - Entered fetchAllEmployees() in DAO
2022-03-14 16:30:43 INFO  EmployeeJdbcDao:55 - Exited fetchAllEmployees() in DAO
2022-03-14 16:33:09 INFO  EmployeeJdbcDao:115 - Entered fetchABook() in DAO
2022-03-14 16:33:09 INFO  EmployeeJdbcDao:135 - Exited fetchAEmployee() in DAO
2022-03-14 16:39:08 INFO  EmployeeJdbcDao:23 - Entered fetchAllEmployees() in DAO
2022-03-14 16:39:08 INFO  EmployeeJdbcDao:55 - Exited fetchAllEmployees() in DAO
2022-03-14 16:39:21 INFO  EmployeeJdbcDao:62 - Entered addEmployee() in DAO
2022-03-14 16:50:35 INFO  EmployeeJdbcDao:115 - Entered fetchABook() in DAO
2022-03-14 16:50:35 INFO  DBConnection:24 - Estabilishing DB connection
2022-03-14 16:50:36 INFO  EmployeeJdbcDao:135 - Exited fetchAEmployee() in DAO
2022-03-14 16:51:40 INFO  EmployeeJdbcDao:115 - Entered fetchABook() in DAO
2022-03-14 16:51:40 INFO  DBConnection:24 - Estabilishing DB connection
2022-03-14 16:51:41 INFO  EmployeeJdbcDao:135 - Exited fetchAEmployee() in DAO
2022-03-14 16:54:08 INFO  EmployeeJdbcDao:115 - Entered fetchABook() in DAO
2022-03-14 16:54:08 INFO  DBConnection:24 - Estabilishing DB connection
2022-03-14 16:54:49 INFO  EmployeeJdbcDao:115 - Entered fetchABook() in DAO
2022-03-14 16:54:50 INFO  DBConnection:24 - Estabilishing DB connection
2022-03-14 16:54:50 INFO  EmployeeJdbcDao:135 - Exited fetchAEmployee() in DAO
2022-03-14 16:55:36 INFO  EmployeeJdbcDao:23 - Entered fetchAllEmployees() in DAO
2022-03-14 16:55:36 INFO  EmployeeJdbcDao:55 - Exited fetchAllEmployees() in DAO
2022-03-14 16:55:40 INFO  LoginDao:32 - in getAllEmployees Dao Layer
2022-03-14 16:55:40 INFO  LoginDao:32 - in getAllEmployees Dao Layer
2022-03-14 16:55:40 INFO  LoginDao:70 - in getRoles Dao Layer
2022-03-14 16:55:40 INFO  LoginDao:70 - in getRoles Dao Layer
2022-03-14 16:55:41 INFO  EmployeeJdbcDao:23 - Entered fetchAllEmployees() in DAO
2022-03-14 16:55:41 INFO  EmployeeJdbcDao:55 - Exited fetchAllEmployees() in DAO
2022-03-14 16:55:45 INFO  EmployeeJdbcDao:83 - Entered updateEmployee() in DAO
2022-03-14 16:55:45 INFO  EmployeeJdbcDao:92 - Exited updateBook() in DAO
2022-03-14 16:55:45 INFO  EmployeeJdbcDao:23 - Entered fetchAllEmployees() in DAO
2022-03-14 16:55:45 INFO  EmployeeJdbcDao:55 - Exited fetchAllEmployees() in DAO
2022-03-14 16:57:31 INFO  LoginDao:32 - in getAllEmployees Dao Layer
2022-03-14 16:57:31 INFO  LoginDao:70 - in getRoles Dao Layer
2022-03-14 16:57:31 INFO  LoginDao:32 - in getAllEmployees Dao Layer
2022-03-14 16:57:31 INFO  LoginDao:70 - in getRoles Dao Layer
2022-03-14 16:57:31 INFO  EmployeeJdbcDao:23 - Entered fetchAllEmployees() in DAO
2022-03-14 16:57:31 INFO  EmployeeJdbcDao:55 - Exited fetchAllEmployees() in DAO
2022-03-14 16:57:32 INFO  EmployeeJdbcDao:115 - Entered fetchABook() in DAO
2022-03-14 16:57:32 INFO  EmployeeJdbcDao:135 - Exited fetchAEmployee() in DAO
2022-03-14 16:57:39 INFO  EmployeeJdbcDao:83 - Entered updateEmployee() in DAO
2022-03-14 16:57:39 INFO  EmployeeJdbcDao:92 - Exited updateBook() in DAO
2022-03-14 16:57:39 INFO  EmployeeJdbcDao:23 - Entered fetchAllEmployees() in DAO
2022-03-14 16:57:39 INFO  EmployeeJdbcDao:55 - Exited fetchAllEmployees() in DAO
2022-03-14 16:59:22 INFO  EmployeeJdbcDao:98 - Entered deleteEmployee() in DAO
2022-03-14 16:59:22 INFO  EmployeeJdbcDao:115 - Entered fetchABook() in DAO
2022-03-14 16:59:22 INFO  EmployeeJdbcDao:135 - Exited fetchAEmployee() in DAO
2022-03-14 17:04:12 INFO  EmployeeJdbcDao:98 - Entered deleteEmployee() in DAO
2022-03-14 17:04:12 INFO  DBConnection:24 - Estabilishing DB connection
2022-03-14 17:04:13 INFO  EmployeeJdbcDao:118 - Entered fetchABook() in DAO
2022-03-14 17:04:13 INFO  EmployeeJdbcDao:138 - Exited fetchAEmployee() in DAO
2022-03-14 17:10:10 INFO  EmployeeJdbcDao:118 - Entered fetchABook() in DAO
2022-03-14 17:10:10 INFO  EmployeeJdbcDao:138 - Exited fetchAEmployee() in DAO
2022-03-14 17:10:17 INFO  EmployeeJdbcDao:23 - Entered fetchAllEmployees() in DAO
2022-03-14 17:10:17 INFO  EmployeeJdbcDao:55 - Exited fetchAllEmployees() in DAO
2022-03-14 17:10:18 INFO  EmployeeJdbcDao:118 - Entered fetchABook() in DAO
2022-03-14 17:10:18 INFO  EmployeeJdbcDao:138 - Exited fetchAEmployee() in DAO
2022-03-14 17:10:28 INFO  EmployeeJdbcDao:83 - Entered updateEmployee() in DAO
2022-03-14 17:10:28 INFO  EmployeeJdbcDao:92 - Exited updateBook() in DAO
2022-03-14 17:10:28 INFO  EmployeeJdbcDao:23 - Entered fetchAllEmployees() in DAO
2022-03-14 17:10:28 INFO  EmployeeJdbcDao:55 - Exited fetchAllEmployees() in DAO
2022-03-14 17:11:35 INFO  EmployeeJdbcDao:23 - Entered fetchAllEmployees() in DAO
2022-03-14 17:11:35 INFO  EmployeeJdbcDao:55 - Exited fetchAllEmployees() in DAO
2022-03-14 17:19:34 INFO  EmployeeJdbcDao:23 - Entered fetchAllEmployees() in DAO
2022-03-14 17:19:34 INFO  EmployeeJdbcDao:55 - Exited fetchAllEmployees() in DAO
2022-03-14 17:23:41 INFO  EmployeeJdbcDao:62 - Entered addEmployee() in DAO
2022-03-14 17:23:41 INFO  EmployeeJdbcDao:23 - Entered fetchAllEmployees() in DAO
2022-03-14 17:23:41 INFO  EmployeeJdbcDao:55 - Exited fetchAllEmployees() in DAO
2022-03-14 17:23:53 INFO  EmployeeJdbcDao:62 - Entered addEmployee() in DAO
2022-03-14 17:23:53 INFO  EmployeeJdbcDao:23 - Entered fetchAllEmployees() in DAO
2022-03-14 17:23:53 INFO  EmployeeJdbcDao:55 - Exited fetchAllEmployees() in DAO
2022-03-14 17:24:20 INFO  EmployeeJdbcDao:62 - Entered addEmployee() in DAO
2022-03-14 17:24:20 INFO  EmployeeJdbcDao:23 - Entered fetchAllEmployees() in DAO
2022-03-14 17:24:20 INFO  EmployeeJdbcDao:55 - Exited fetchAllEmployees() in DAO
2022-03-14 17:24:22 INFO  EmployeeJdbcDao:62 - Entered addEmployee() in DAO
2022-03-14 17:24:22 INFO  EmployeeJdbcDao:23 - Entered fetchAllEmployees() in DAO
2022-03-14 17:24:22 INFO  EmployeeJdbcDao:55 - Exited fetchAllEmployees() in DAO
2022-03-14 17:24:22 INFO  EmployeeJdbcDao:62 - Entered addEmployee() in DAO
2022-03-14 17:24:22 INFO  EmployeeJdbcDao:23 - Entered fetchAllEmployees() in DAO
2022-03-14 17:24:22 INFO  EmployeeJdbcDao:55 - Exited fetchAllEmployees() in DAO
2022-03-14 17:24:22 INFO  EmployeeJdbcDao:62 - Entered addEmployee() in DAO
2022-03-14 17:24:22 INFO  EmployeeJdbcDao:23 - Entered fetchAllEmployees() in DAO
2022-03-14 17:24:22 INFO  EmployeeJdbcDao:55 - Exited fetchAllEmployees() in DAO
2022-03-14 17:24:23 INFO  EmployeeJdbcDao:62 - Entered addEmployee() in DAO
2022-03-14 17:24:23 INFO  EmployeeJdbcDao:23 - Entered fetchAllEmployees() in DAO
2022-03-14 17:24:23 INFO  EmployeeJdbcDao:55 - Exited fetchAllEmployees() in DAO
2022-03-14 17:24:29 INFO  EmployeeJdbcDao:62 - Entered addEmployee() in DAO
2022-03-14 17:24:29 INFO  EmployeeJdbcDao:23 - Entered fetchAllEmployees() in DAO
2022-03-14 17:24:29 INFO  EmployeeJdbcDao:55 - Exited fetchAllEmployees() in DAO
2022-03-14 17:28:18 INFO  EmployeeJdbcDao:62 - Entered addEmployee() in DAO
2022-03-14 17:28:18 INFO  EmployeeJdbcDao:23 - Entered fetchAllEmployees() in DAO
2022-03-14 17:28:18 INFO  EmployeeJdbcDao:55 - Exited fetchAllEmployees() in DAO
2022-03-14 17:28:31 INFO  EmployeeJdbcDao:23 - Entered fetchAllEmployees() in DAO
2022-03-14 17:28:31 INFO  EmployeeJdbcDao:55 - Exited fetchAllEmployees() in DAO
2022-03-14 17:28:40 INFO  EmployeeJdbcDao:62 - Entered addEmployee() in DAO
2022-03-14 17:28:40 INFO  EmployeeJdbcDao:23 - Entered fetchAllEmployees() in DAO
2022-03-14 17:28:40 INFO  EmployeeJdbcDao:55 - Exited fetchAllEmployees() in DAO
2022-03-14 17:33:14 INFO  EmployeeJdbcDao:118 - Entered fetchABook() in DAO
2022-03-14 17:33:14 INFO  EmployeeJdbcDao:138 - Exited fetchAEmployee() in DAO
2022-03-16 13:01:04 INFO  LoginDao:32 - in getAllEmployees Dao Layer
2022-03-16 13:01:04 INFO  LoginDao:32 - in getAllEmployees Dao Layer
2022-03-16 13:01:04 INFO  DBConnection:25 - Estabilishing DB connection
2022-03-16 13:01:04 INFO  LoginDao:70 - in getRoles Dao Layer
2022-03-16 13:01:04 INFO  LoginDao:70 - in getRoles Dao Layer
2022-03-16 13:01:04 INFO  EmployeeJdbcDao:23 - Entered fetchAllEmployees() in DAO
2022-03-16 13:01:04 INFO  EmployeeJdbcDao:55 - Exited fetchAllEmployees() in DAO
2022-03-16 13:01:08 INFO  EmployeeJdbcDao:118 - Entered fetchABook() in DAO
2022-03-16 13:01:08 INFO  EmployeeJdbcDao:138 - Exited fetchAEmployee() in DAO
2022-03-16 13:01:15 INFO  EmployeeJdbcDao:83 - Entered updateEmployee() in DAO
2022-03-16 13:01:15 INFO  EmployeeJdbcDao:92 - Exited updateBook() in DAO
2022-03-16 13:01:15 INFO  EmployeeJdbcDao:23 - Entered fetchAllEmployees() in DAO
2022-03-16 13:01:15 INFO  EmployeeJdbcDao:55 - Exited fetchAllEmployees() in DAO
2022-03-16 13:01:27 INFO  EmployeeJdbcDao:118 - Entered fetchABook() in DAO
2022-03-16 13:01:27 INFO  EmployeeJdbcDao:138 - Exited fetchAEmployee() in DAO
2022-03-16 13:01:34 INFO  EmployeeJdbcDao:83 - Entered updateEmployee() in DAO
2022-03-16 13:01:34 INFO  EmployeeJdbcDao:92 - Exited updateBook() in DAO
2022-03-16 13:01:34 INFO  EmployeeJdbcDao:23 - Entered fetchAllEmployees() in DAO
2022-03-16 13:01:34 INFO  EmployeeJdbcDao:55 - Exited fetchAllEmployees() in DAO
2022-03-16 13:01:46 INFO  EmployeeJdbcDao:118 - Entered fetchABook() in DAO
2022-03-16 13:01:46 INFO  EmployeeJdbcDao:138 - Exited fetchAEmployee() in DAO
2022-03-16 13:02:07 INFO  EmployeeJdbcDao:83 - Entered updateEmployee() in DAO
2022-03-16 13:02:07 INFO  EmployeeJdbcDao:92 - Exited updateBook() in DAO
2022-03-16 13:02:07 INFO  EmployeeJdbcDao:23 - Entered fetchAllEmployees() in DAO
2022-03-16 13:02:07 INFO  EmployeeJdbcDao:55 - Exited fetchAllEmployees() in DAO
2022-03-16 13:02:17 INFO  EmployeeJdbcDao:118 - Entered fetchABook() in DAO
2022-03-16 13:02:17 INFO  EmployeeJdbcDao:138 - Exited fetchAEmployee() in DAO
2022-03-16 13:02:31 INFO  EmployeeJdbcDao:83 - Entered updateEmployee() in DAO
2022-03-16 13:02:31 INFO  EmployeeJdbcDao:92 - Exited updateBook() in DAO
2022-03-16 13:02:31 INFO  EmployeeJdbcDao:23 - Entered fetchAllEmployees() in DAO
2022-03-16 13:02:31 INFO  EmployeeJdbcDao:55 - Exited fetchAllEmployees() in DAO
2022-03-16 13:02:42 INFO  EmployeeJdbcDao:118 - Entered fetchABook() in DAO
2022-03-16 13:02:42 INFO  EmployeeJdbcDao:138 - Exited fetchAEmployee() in DAO
2022-03-16 13:02:49 INFO  EmployeeJdbcDao:83 - Entered updateEmployee() in DAO
2022-03-16 13:02:49 INFO  EmployeeJdbcDao:92 - Exited updateBook() in DAO
2022-03-16 13:02:49 INFO  EmployeeJdbcDao:23 - Entered fetchAllEmployees() in DAO
2022-03-16 13:02:49 INFO  EmployeeJdbcDao:55 - Exited fetchAllEmployees() in DAO
2022-03-16 13:02:59 INFO  EmployeeJdbcDao:62 - Entered addEmployee() in DAO
2022-03-16 13:02:59 INFO  EmployeeJdbcDao:23 - Entered fetchAllEmployees() in DAO
2022-03-16 13:02:59 INFO  EmployeeJdbcDao:55 - Exited fetchAllEmployees() in DAO
2022-03-16 13:03:21 INFO  EmployeeJdbcDao:62 - Entered addEmployee() in DAO
2022-03-16 13:03:21 INFO  EmployeeJdbcDao:23 - Entered fetchAllEmployees() in DAO
2022-03-16 13:03:21 INFO  EmployeeJdbcDao:55 - Exited fetchAllEmployees() in DAO
2022-03-16 13:03:54 INFO  EmployeeJdbcDao:62 - Entered addEmployee() in DAO
2022-03-16 13:03:54 INFO  EmployeeJdbcDao:23 - Entered fetchAllEmployees() in DAO
2022-03-16 13:03:54 INFO  EmployeeJdbcDao:55 - Exited fetchAllEmployees() in DAO
2022-03-16 13:05:06 INFO  EmployeeJdbcDao:118 - Entered fetchABook() in DAO
2022-03-16 13:05:06 INFO  EmployeeJdbcDao:138 - Exited fetchAEmployee() in DAO
2022-03-16 13:05:09 INFO  EmployeeJdbcDao:83 - Entered updateEmployee() in DAO
2022-03-16 13:05:09 INFO  EmployeeJdbcDao:92 - Exited updateBook() in DAO
2022-03-16 13:05:09 INFO  EmployeeJdbcDao:23 - Entered fetchAllEmployees() in DAO
2022-03-16 13:05:09 INFO  EmployeeJdbcDao:55 - Exited fetchAllEmployees() in DAO
2022-03-16 13:05:13 INFO  EmployeeJdbcDao:118 - Entered fetchABook() in DAO
2022-03-16 13:05:13 INFO  EmployeeJdbcDao:138 - Exited fetchAEmployee() in DAO
2022-03-16 13:05:15 INFO  EmployeeJdbcDao:83 - Entered updateEmployee() in DAO
2022-03-16 13:05:15 INFO  EmployeeJdbcDao:92 - Exited updateBook() in DAO
2022-03-16 13:05:15 INFO  EmployeeJdbcDao:23 - Entered fetchAllEmployees() in DAO
2022-03-16 13:05:15 INFO  EmployeeJdbcDao:55 - Exited fetchAllEmployees() in DAO
2022-03-16 13:05:17 INFO  EmployeeJdbcDao:118 - Entered fetchABook() in DAO
2022-03-16 13:05:17 INFO  EmployeeJdbcDao:138 - Exited fetchAEmployee() in DAO
2022-03-16 13:05:19 INFO  EmployeeJdbcDao:83 - Entered updateEmployee() in DAO
2022-03-16 13:05:19 INFO  EmployeeJdbcDao:92 - Exited updateBook() in DAO
2022-03-16 13:05:19 INFO  EmployeeJdbcDao:23 - Entered fetchAllEmployees() in DAO
2022-03-16 13:05:19 INFO  EmployeeJdbcDao:55 - Exited fetchAllEmployees() in DAO
2022-03-16 13:05:22 INFO  EmployeeJdbcDao:118 - Entered fetchABook() in DAO
2022-03-16 13:05:22 INFO  EmployeeJdbcDao:138 - Exited fetchAEmployee() in DAO
2022-03-16 13:05:29 INFO  EmployeeJdbcDao:23 - Entered fetchAllEmployees() in DAO
2022-03-16 13:05:29 INFO  EmployeeJdbcDao:55 - Exited fetchAllEmployees() in DAO
2022-03-16 13:05:37 INFO  EmployeeJdbcDao:62 - Entered addEmployee() in DAO
2022-03-16 13:05:37 INFO  EmployeeJdbcDao:23 - Entered fetchAllEmployees() in DAO
2022-03-16 13:05:37 INFO  EmployeeJdbcDao:55 - Exited fetchAllEmployees() in DAO
2022-03-16 13:18:28 INFO  LoginDao:32 - in getAllEmployees Dao Layer
2022-03-16 13:18:28 INFO  LoginDao:32 - in getAllEmployees Dao Layer
2022-03-16 13:18:28 INFO  DBConnection:25 - Estabilishing DB connection
2022-03-16 13:18:29 INFO  LoginDao:70 - in getRoles Dao Layer
2022-03-16 13:18:29 INFO  LoginDao:70 - in getRoles Dao Layer
2022-03-16 13:18:29 INFO  EmployeeJdbcDao:23 - Entered fetchAllEmployees() in DAO
2022-03-16 13:18:29 INFO  EmployeeJdbcDao:55 - Exited fetchAllEmployees() in DAO
2022-03-16 13:18:55 INFO  EmployeeJdbcDao:62 - Entered addEmployee() in DAO
2022-03-16 13:18:55 INFO  EmployeeJdbcDao:23 - Entered fetchAllEmployees() in DAO
2022-03-16 13:18:55 INFO  EmployeeJdbcDao:55 - Exited fetchAllEmployees() in DAO
2022-03-16 13:22:01 INFO  EmployeeJdbcDao:62 - Entered addEmployee() in DAO
2022-03-16 13:22:01 INFO  EmployeeJdbcDao:23 - Entered fetchAllEmployees() in DAO
2022-03-16 13:22:01 INFO  EmployeeJdbcDao:55 - Exited fetchAllEmployees() in DAO
2022-03-16 13:22:06 INFO  EmployeeJdbcDao:23 - Entered fetchAllEmployees() in DAO
2022-03-16 13:22:06 INFO  EmployeeJdbcDao:55 - Exited fetchAllEmployees() in DAO
2022-03-16 13:22:10 INFO  LoginDao:32 - in getAllEmployees Dao Layer
2022-03-16 13:22:10 INFO  LoginDao:70 - in getRoles Dao Layer
2022-03-16 13:22:10 INFO  LoginDao:32 - in getAllEmployees Dao Layer
2022-03-16 13:22:10 INFO  LoginDao:70 - in getRoles Dao Layer
2022-03-16 13:22:10 INFO  EmployeeJdbcDao:23 - Entered fetchAllEmployees() in DAO
2022-03-16 13:22:10 INFO  EmployeeJdbcDao:55 - Exited fetchAllEmployees() in DAO
2022-03-16 13:22:16 INFO  EmployeeJdbcDao:118 - Entered fetchABook() in DAO
2022-03-16 13:22:16 INFO  EmployeeJdbcDao:138 - Exited fetchAEmployee() in DAO
2022-03-16 13:22:23 INFO  EmployeeJdbcDao:83 - Entered updateEmployee() in DAO
2022-03-16 13:22:23 INFO  EmployeeJdbcDao:92 - Exited updateBook() in DAO
2022-03-16 13:22:23 INFO  EmployeeJdbcDao:23 - Entered fetchAllEmployees() in DAO
2022-03-16 13:22:23 INFO  EmployeeJdbcDao:55 - Exited fetchAllEmployees() in DAO
2022-03-16 13:25:03 INFO  EmployeeJdbcDao:23 - Entered fetchAllEmployees() in DAO
2022-03-16 13:25:03 INFO  EmployeeJdbcDao:55 - Exited fetchAllEmployees() in DAO
2022-03-16 13:25:10 INFO  EmployeeJdbcDao:62 - Entered addEmployee() in DAO
2022-03-16 13:25:10 INFO  EmployeeJdbcDao:23 - Entered fetchAllEmployees() in DAO
2022-03-16 13:25:10 INFO  EmployeeJdbcDao:55 - Exited fetchAllEmployees() in DAO
2022-03-16 13:25:42 INFO  EmployeeJdbcDao:62 - Entered addEmployee() in DAO
2022-03-16 13:25:42 INFO  EmployeeJdbcDao:23 - Entered fetchAllEmployees() in DAO
2022-03-16 13:25:42 INFO  EmployeeJdbcDao:55 - Exited fetchAllEmployees() in DAO
2022-03-16 13:25:46 INFO  LoginDao:32 - in getAllEmployees Dao Layer
2022-03-16 13:25:46 INFO  LoginDao:70 - in getRoles Dao Layer
2022-03-16 13:25:46 INFO  LoginDao:32 - in getAllEmployees Dao Layer
2022-03-16 13:25:46 INFO  LoginDao:70 - in getRoles Dao Layer
2022-03-16 13:25:46 INFO  EmployeeJdbcDao:23 - Entered fetchAllEmployees() in DAO
2022-03-16 13:25:46 INFO  EmployeeJdbcDao:55 - Exited fetchAllEmployees() in DAO
2022-03-16 13:25:50 INFO  EmployeeJdbcDao:62 - Entered addEmployee() in DAO
2022-03-16 13:25:50 INFO  EmployeeJdbcDao:23 - Entered fetchAllEmployees() in DAO
2022-03-16 13:25:50 INFO  EmployeeJdbcDao:55 - Exited fetchAllEmployees() in DAO
2022-03-16 13:25:55 INFO  EmployeeJdbcDao:118 - Entered fetchABook() in DAO
2022-03-16 13:25:55 INFO  EmployeeJdbcDao:138 - Exited fetchAEmployee() in DAO
2022-03-16 13:26:06 INFO  EmployeeJdbcDao:83 - Entered updateEmployee() in DAO
2022-03-16 13:26:06 INFO  EmployeeJdbcDao:92 - Exited updateBook() in DAO
2022-03-16 13:26:06 INFO  EmployeeJdbcDao:23 - Entered fetchAllEmployees() in DAO
2022-03-16 13:26:06 INFO  EmployeeJdbcDao:55 - Exited fetchAllEmployees() in DAO
2022-03-16 13:26:10 INFO  EmployeeJdbcDao:118 - Entered fetchABook() in DAO
2022-03-16 13:26:10 INFO  EmployeeJdbcDao:138 - Exited fetchAEmployee() in DAO
2022-03-16 13:26:14 INFO  EmployeeJdbcDao:83 - Entered updateEmployee() in DAO
2022-03-16 13:26:14 INFO  EmployeeJdbcDao:92 - Exited updateBook() in DAO
2022-03-16 13:26:14 INFO  EmployeeJdbcDao:23 - Entered fetchAllEmployees() in DAO
2022-03-16 13:26:14 INFO  EmployeeJdbcDao:55 - Exited fetchAllEmployees() in DAO
2022-03-16 13:28:44 INFO  EmployeeJdbcDao:23 - Entered fetchAllEmployees() in DAO
2022-03-16 13:28:44 INFO  EmployeeJdbcDao:55 - Exited fetchAllEmployees() in DAO
2022-03-16 13:28:53 INFO  LoginDao:32 - in getAllEmployees Dao Layer
2022-03-16 13:28:53 INFO  LoginDao:70 - in getRoles Dao Layer
2022-03-16 13:28:53 INFO  LoginDao:32 - in getAllEmployees Dao Layer
2022-03-16 13:28:53 INFO  LoginDao:70 - in getRoles Dao Layer
2022-03-16 13:28:53 INFO  EmployeeJdbcDao:23 - Entered fetchAllEmployees() in DAO
2022-03-16 13:28:53 INFO  EmployeeJdbcDao:55 - Exited fetchAllEmployees() in DAO
2022-03-16 13:28:56 INFO  EmployeeJdbcDao:62 - Entered addEmployee() in DAO
2022-03-16 13:28:56 INFO  EmployeeJdbcDao:23 - Entered fetchAllEmployees() in DAO
2022-03-16 13:28:56 INFO  EmployeeJdbcDao:55 - Exited fetchAllEmployees() in DAO
2022-03-16 13:30:30 INFO  EmployeeJdbcDao:118 - Entered fetchABook() in DAO
2022-03-16 13:30:30 INFO  EmployeeJdbcDao:138 - Exited fetchAEmployee() in DAO
2022-03-16 13:30:36 INFO  EmployeeJdbcDao:83 - Entered updateEmployee() in DAO
2022-03-16 13:30:36 INFO  EmployeeJdbcDao:92 - Exited updateBook() in DAO
2022-03-16 13:30:36 INFO  EmployeeJdbcDao:23 - Entered fetchAllEmployees() in DAO
2022-03-16 13:30:36 INFO  EmployeeJdbcDao:55 - Exited fetchAllEmployees() in DAO
2022-03-16 13:50:47 INFO  EmployeeJdbcDao:23 - Entered fetchAllEmployees() in DAO
2022-03-16 13:50:47 INFO  DBConnection:25 - Estabilishing DB connection
2022-03-16 13:50:47 INFO  EmployeeJdbcDao:55 - Exited fetchAllEmployees() in DAO
2022-03-16 13:50:51 INFO  LoginDao:32 - in getAllEmployees Dao Layer
2022-03-16 13:50:51 INFO  LoginDao:32 - in getAllEmployees Dao Layer
2022-03-16 13:50:51 INFO  LoginDao:70 - in getRoles Dao Layer
2022-03-16 13:50:51 INFO  LoginDao:70 - in getRoles Dao Layer
2022-03-16 13:50:51 INFO  EmployeeJdbcDao:23 - Entered fetchAllEmployees() in DAO
2022-03-16 13:50:51 INFO  EmployeeJdbcDao:55 - Exited fetchAllEmployees() in DAO
2022-03-16 13:50:53 INFO  EmployeeJdbcDao:118 - Entered fetchABook() in DAO
2022-03-16 13:50:53 INFO  EmployeeJdbcDao:138 - Exited fetchAEmployee() in DAO
2022-03-16 13:50:57 INFO  EmployeeJdbcDao:83 - Entered updateEmployee() in DAO
2022-03-16 13:50:57 INFO  EmployeeJdbcDao:23 - Entered fetchAllEmployees() in DAO
2022-03-16 13:50:57 INFO  EmployeeJdbcDao:55 - Exited fetchAllEmployees() in DAO
2022-03-16 13:52:35 INFO  EmployeeJdbcDao:62 - Entered addEmployee() in DAO
2022-03-16 13:52:35 INFO  EmployeeJdbcDao:23 - Entered fetchAllEmployees() in DAO
2022-03-16 13:52:35 INFO  EmployeeJdbcDao:55 - Exited fetchAllEmployees() in DAO
2022-03-16 14:25:18 INFO  EmployeeJdbcDao:118 - Entered fetchABook() in DAO
2022-03-16 14:25:18 INFO  DBConnection:25 - Estabilishing DB connection
2022-03-16 14:25:18 INFO  EmployeeJdbcDao:138 - Exited fetchAEmployee() in DAO
2022-03-16 14:25:23 INFO  EmployeeJdbcDao:83 - Entered updateEmployee() in DAO
2022-03-16 14:25:23 INFO  EmployeeJdbcDao:92 - Exited updateBook() in DAO
2022-03-16 14:25:23 INFO  EmployeeJdbcDao:23 - Entered fetchAllEmployees() in DAO
2022-03-16 14:25:23 INFO  EmployeeJdbcDao:55 - Exited fetchAllEmployees() in DAO
2022-03-16 14:25:34 INFO  EmployeeJdbcDao:118 - Entered fetchABook() in DAO
2022-03-16 14:25:34 INFO  EmployeeJdbcDao:138 - Exited fetchAEmployee() in DAO
2022-03-16 14:25:57 INFO  EmployeeJdbcDao:83 - Entered updateEmployee() in DAO
2022-03-16 14:25:57 INFO  EmployeeJdbcDao:92 - Exited updateBook() in DAO
2022-03-16 14:25:57 INFO  EmployeeJdbcDao:23 - Entered fetchAllEmployees() in DAO
2022-03-16 14:25:57 INFO  EmployeeJdbcDao:55 - Exited fetchAllEmployees() in DAO
2022-03-16 14:26:23 INFO  EmployeeJdbcDao:62 - Entered addEmployee() in DAO
2022-03-16 14:26:23 INFO  EmployeeJdbcDao:23 - Entered fetchAllEmployees() in DAO
2022-03-16 14:26:23 INFO  EmployeeJdbcDao:55 - Exited fetchAllEmployees() in DAO
2022-03-16 14:51:44 INFO  LoginDao:32 - in getAllEmployees Dao Layer
2022-03-16 14:51:44 INFO  LoginDao:32 - in getAllEmployees Dao Layer
2022-03-16 14:51:44 INFO  LoginDao:70 - in getRoles Dao Layer
2022-03-16 14:51:44 INFO  LoginDao:70 - in getRoles Dao Layer
2022-03-16 14:52:43 INFO  EmployeeJdbcDao:23 - Entered fetchAllEmployees() in DAO
2022-03-16 14:52:43 INFO  DBConnection:25 - Estabilishing DB connection
2022-03-16 14:52:43 INFO  EmployeeJdbcDao:55 - Exited fetchAllEmployees() in DAO
2022-03-16 14:52:56 INFO  LoginDao:32 - in getAllEmployees Dao Layer
2022-03-16 14:52:56 INFO  LoginDao:32 - in getAllEmployees Dao Layer
2022-03-16 14:52:56 INFO  LoginDao:70 - in getRoles Dao Layer
2022-03-16 14:52:56 INFO  LoginDao:70 - in getRoles Dao Layer
2022-03-16 14:52:56 INFO  EmployeeJdbcDao:23 - Entered fetchAllEmployees() in DAO
2022-03-16 14:52:56 INFO  EmployeeJdbcDao:55 - Exited fetchAllEmployees() in DAO
2022-03-16 14:52:58 INFO  EmployeeJdbcDao:118 - Entered fetchABook() in DAO
2022-03-16 14:52:58 INFO  EmployeeJdbcDao:138 - Exited fetchAEmployee() in DAO
2022-03-16 14:54:07 INFO  EmployeeJdbcDao:23 - Entered fetchAllEmployees() in DAO
2022-03-16 14:54:07 INFO  EmployeeJdbcDao:55 - Exited fetchAllEmployees() in DAO
2022-03-16 14:55:35 INFO  EmployeeJdbcDao:23 - Entered fetchAllEmployees() in DAO
2022-03-16 14:55:35 INFO  EmployeeJdbcDao:55 - Exited fetchAllEmployees() in DAO
2022-03-16 14:55:48 INFO  EmployeeJdbcDao:23 - Entered fetchAllEmployees() in DAO
2022-03-16 14:55:48 INFO  EmployeeJdbcDao:55 - Exited fetchAllEmployees() in DAO
2022-03-16 14:56:21 INFO  EmployeeJdbcDao:23 - Entered fetchAllEmployees() in DAO
2022-03-16 14:56:21 INFO  EmployeeJdbcDao:55 - Exited fetchAllEmployees() in DAO
2022-03-16 14:56:28 INFO  EmployeeJdbcDao:62 - Entered addEmployee() in DAO
2022-03-16 14:56:28 INFO  EmployeeJdbcDao:23 - Entered fetchAllEmployees() in DAO
2022-03-16 14:56:28 INFO  EmployeeJdbcDao:55 - Exited fetchAllEmployees() in DAO
